0.000000,-0.043950,-0.160573,0.056777
10.125000,-0.031721,-0.164385,0.066320
20.187500,-0.025519,-0.162202,0.063892
30.156250,-0.028925,-0.157636,0.062663
40.140625,-0.035924,-0.165057,0.063828
50.109375,-0.035720,-0.171249,0.056613
60.109375,-0.027135,-0.165441,0.058971
70.109375,-0.026951,-0.165628,0.067318
80.078125,-0.031558,-0.169394,0.063693
90.078125,-0.036152,-0.169542,0.046900
100.046875,-0.039531,-0.164891,0.037288
110.031250,-0.034522,-0.155491,0.036057
123.281250,-0.029532,-0.146182,0.036027
131.562500,-0.029354,-0.141750,0.043181
139.812500,-0.028157,-0.145342,0.053955
148.093750,-0.030383,-0.146920,0.061112
156.531250,-0.027826,-0.149695,0.062283
166.406250,-0.031243,-0.151250,0.059862
176.343750,-0.028681,-0.150409,0.069411
186.296875,-0.028516,-0.154340,0.058609
196.296875,-0.031940,-0.148710,0.041823
206.265625,-0.032965,-0.144312,0.037008
216.265625,-0.031596,-0.144716,0.047758
226.203125,-0.033815,-0.140349,0.059705
236.093750,-0.026468,-0.138400,0.047709
246.109375,-0.020345,-0.137680,0.034517
256.281250,-0.027394,-0.131011,0.047665
266.328125,-0.027260,-0.129154,0.058416
276.312500,-0.028319,-0.144020,0.047621
286.296875,-0.034140,-0.157591,0.044005
296.218750,-0.042292,-0.224667,0.053545
306.093750,-0.059864,-0.353976,0.051080
316.109375,-0.052145,-0.387272,0.058146
326.250000,-0.025386,-0.308039,0.070002
336.312500,-0.019137,-0.261825,0.062727
346.281250,-0.021320,-0.295941,0.066231
356.281250,-0.017534,-0.380750,0.070910
366.265625,-0.025653,-0.485332,0.062376
376.250000,-0.028761,-0.557679,0.059761
386.250000,-0.006652,-0.582815,0.062146
396.234375,0.011878,-0.515778,0.065735
406.203125,0.013598,-0.394870,0.056151
416.203125,0.003654,-0.304422,0.038047
426.171875,-0.012535,-0.288437,0.033152
436.156250,-0.027905,-0.393034,0.040223
446.125000,-0.053206,-0.639029,0.046011
456.125000,-0.076574,-0.968232,0.062769
466.125000,-0.089134,-1.303417,0.071145
476.109375,-0.111960,-1.606272,0.065160
486.109375,-0.140531,-1.844472,0.056781
496.093750,-0.138774,-1.974921,0.059186
506.062500,-0.074269,-1.954529,0.086727
516.046875,0.090242,-1.837184,0.098699
526.015625,0.258363,-1.748600,0.085532
536.000000,0.268124,-1.773763,0.063990
546.015625,0.172003,-1.888725,0.049629
556.000000,0.097917,-1.948635,0.078364
566.015625,0.051588,-1.917578,0.101110
576.015625,0.007864,-1.803632,0.096317
585.968750,-0.035392,-1.682971,0.096661
595.953125,-0.065575,-1.609161,0.064980
605.921875,-0.063506,-1.506715,0.039544
615.906250,-0.056086,-1.295846,0.053843
625.875000,-0.051832,-1.170233,0.069410
635.859375,-0.062618,-1.155949,0.088564
645.875000,-0.075797,-1.110541,0.100530
655.875000,-0.062642,-0.982535,0.084967
665.875000,-0.015801,-0.853340,0.055023
675.875000,0.018899,-0.699010,0.028687
685.843750,-0.018701,-0.478850,0.003555
695.828125,-0.105331,-0.329481,0.047860
705.812500,-0.186341,-0.286500,0.087379
715.828125,-0.163812,-0.192046,0.093355
725.828125,-0.103969,-0.085618,0.101729
735.812500,-0.092061,-0.040237,0.047839
745.812500,-0.095569,0.067394,0.004752
755.828125,-0.094391,0.236070,-0.025174
765.796875,-0.146308,0.397563,-0.021575
775.750000,-0.257599,0.572129,0.073007
785.718750,-0.318405,0.742023,0.099347
795.718750,-0.299261,0.939459,0.037090
805.718750,-0.263669,1.191975,0.028708
815.687500,-0.286898,1.450490,0.023937
825.687500,-0.297628,1.671906,0.020352
835.656250,-0.261614,1.821501,0.020348
845.656250,-0.234551,1.965123,0.014359
855.671875,-0.220124,2.166214,0.051452
865.640625,-0.250297,2.378095,0.047840
875.625000,-0.314938,2.461905,0.004745
885.593750,-0.286203,2.443975,-0.021590
895.609375,-0.118604,2.446394,-0.019197
905.609375,0.037016,2.412889,0.016722
915.578125,0.074855,2.381768,0.052631
925.562500,0.006622,2.376985,0.053823
935.562500,-0.120859,2.375807,0.031102
945.546875,-0.157341,2.430905,0.020329
955.531250,-0.080907,2.425771,0.006158
965.500000,-0.010948,2.357189,0.004462
975.500000,0.046100,2.154058,0.018761
985.500000,0.164861,1.762410,0.021378
995.468750,0.383730,1.250084,0.020183
1005.468750,0.428023,0.539006,0.034548
1015.437500,0.190997,-0.073910,0.053701
1025.421875,-0.029270,-0.285797,0.054898
1035.406250,-0.097504,-0.240307,0.047715
1045.390625,-0.072365,-0.149327,0.053701
1055.390625,-0.038847,-0.099049,0.051307
1065.359375,-0.024481,-0.091866,0.046518
1075.343750,-0.022087,-0.103837,0.052504
1085.343750,-0.024481,-0.111020,0.052504
1095.312500,-0.026769,-0.111774,0.050096
1105.296875,-0.027855,-0.110129,0.056069
1115.265625,-0.028942,-0.102520,0.059649
1125.265625,-0.032419,-0.100918,0.048865
1135.265625,-0.035882,-0.110072,0.059626
1145.250000,-0.030958,-0.116792,0.077570
1155.265625,-0.023652,-0.121080,0.070374
1165.203125,-0.023540,-0.116974,0.059586
1175.125000,-0.029405,-0.110495,0.059572
1185.062500,-0.031669,-0.112400,0.060757
1195.046875,-0.037511,-0.109522,0.047575
1205.015625,-0.045730,-0.103083,0.047562
1215.000000,-0.040778,-0.103848,0.059521
1224.984375,-0.022686,-0.110589,0.057115
1234.984375,-0.009427,-0.116107,0.051117
1245.000000,-0.016532,-0.113237,0.060680
1254.984375,-0.030799,-0.103207,0.058274
1264.953125,-0.039055,-0.093225,0.042701
