0.000000,0.009866,-0.134242,0.006432
9.979980,0.008669,-0.131848,-0.006736
19.959473,0.007472,-0.130651,-0.010327
29.959961,0.007471,-0.119877,0.000445
39.959473,0.001486,-0.113891,0.001642
49.949707,-0.004500,-0.121074,0.004037
59.939941,0.001486,-0.130651,0.006431
69.989746,0.012260,-0.136636,-0.001949
80.040039,0.013457,-0.135439,-0.006738
89.969727,0.007471,-0.131848,0.001641
99.899414,-0.000908,-0.145016,0.008824
109.859863,-0.004500,-0.360494,-0.003145
119.849609,0.002691,-0.718124,-0.010409
129.839844,0.020685,-0.825880,-0.004424
139.834961,0.035115,-0.635571,0.000364
149.834961,0.023230,-0.398585,0.000364
159.849609,0.014936,-0.327996,0.002759
169.879883,0.042589,-0.442973,0.005152
180.049316,0.065046,-0.609849,0.006190
190.359863,0.046536,-0.739242,0.004764
200.669922,-0.004237,-0.769923,-0.005118
211.339844,-0.031085,-0.728121,0.003273
222.370117,-0.014109,-0.717458,0.006864
231.984863,0.012454,-0.827708,-0.001517
240.185059,0.013847,-0.997797,-0.000319
248.384766,0.006745,-1.079191,-0.000885
258.375000,0.020137,-1.099666,0.012284
268.364746,0.019195,-1.126144,0.015875
278.339844,-0.015901,-1.245990,0.026658
288.299805,-0.031330,-1.328721,0.038612
298.279785,-0.009494,-1.243857,0.031414
308.279785,0.006678,-1.153004,0.040952
318.274902,0.020867,-1.147141,0.010998
328.264648,0.020421,-1.163659,-0.025741
338.244629,-0.018155,-1.163817,-0.027602
348.214844,-0.045050,-1.064216,-0.003009
358.184570,-0.051291,-0.954445,0.010942
368.154785,-0.049463,-0.870345,-0.020460
378.129395,-0.056150,-0.709329,-0.018242
388.109863,-0.079368,-0.644476,0.012780
398.089844,-0.090471,-0.787032,0.031954
408.069824,-0.030216,-0.848188,0.030766
418.064941,0.068572,-0.729807,0.027138
428.074707,0.096471,-0.603383,0.037834
438.079590,0.041819,-0.604161,-0.001722
448.080078,-0.010946,-0.539207,-0.023287
458.060059,-0.036888,-0.418608,-0.007719
468.020020,-0.056363,-0.420791,-0.014901
477.990234,-0.070221,-0.376826,0.022208
487.969727,-0.054433,-0.184667,0.032969
497.959473,-0.061419,-0.063861,0.004251
507.959961,-0.083437,-0.008876,0.018591
517.954590,-0.105505,-0.080771,0.008991
527.944824,-0.137110,-0.201720,-0.038858
538.000000,-0.128949,-0.102380,-0.077117
548.119629,-0.090873,0.066404,-0.054355
558.384766,-0.045119,0.141823,0.004301
568.794922,-0.007245,0.135575,-0.032819
578.779785,0.025383,0.148358,-0.038825
588.339844,0.024321,0.239927,0.050924
598.129883,-0.023253,0.318922,0.011431
608.149414,-0.026180,0.372003,-0.044858
618.054688,-0.010186,0.396700,0.010216
627.844727,-0.008749,0.377707,0.020971
637.734375,-0.007487,0.327423,-0.011351
647.724609,-0.052938,0.160637,-0.036474
657.704590,-0.107166,0.050318,-0.049637
667.674805,-0.099553,0.178800,-0.031686
677.645020,-0.060678,0.389328,-0.025704
687.614746,-0.034406,0.507290,-0.012532
697.595215,-0.024135,0.564745,0.017409
707.584473,-0.015501,0.583922,0.022209
717.574707,0.000066,0.543237,0.011404
727.564941,-0.012326,0.469041,-0.029291
737.554688,-0.030288,0.452320,-0.048447
750.584961,-0.009777,0.620681,-0.026901
763.614746,0.006377,0.823136,-0.034050
776.644531,0.003962,0.868737,-0.017249
784.924805,0.001557,0.840035,-0.001686
793.205078,-0.011182,0.770647,0.015053
802.604492,0.014127,0.780265,0.015037
812.004883,0.049550,0.805449,-0.036419
821.824707,0.099129,0.825838,-0.032833
831.645020,0.119687,0.940337,-0.015903
841.549805,0.118131,1.099534,-0.032383
851.539551,0.131132,1.271868,-0.026410
861.529785,0.119108,1.341233,-0.007254
871.520020,0.058110,1.347149,-0.000072
881.510254,0.011270,1.408134,0.002310
891.499512,-0.012211,1.459550,-0.033594
901.475098,-0.015243,1.514568,-0.052754
911.435059,-0.000221,1.562412,-0.028820
921.409668,0.021463,1.478900,-0.012726
931.399902,0.022174,1.314292,-0.023985
941.390137,0.015252,1.127504,-0.024390
951.379395,0.027180,1.036642,-0.022332
961.375000,0.057092,1.052212,-0.017544
971.374512,0.097794,1.061789,-0.015150
981.364746,0.126524,1.058197,-0.023530
991.344727,0.117267,0.940099,-0.025027
1001.319336,0.077561,0.750945,-0.025457
1011.289551,0.034465,0.580957,-0.014684
1021.269531,0.014114,0.355902,-0.006304
1031.259766,0.008129,0.043458,-0.012290
1041.254395,-0.005039,-0.186385,-0.005107
1051.254883,-0.017010,-0.233072,0.010455
1061.239746,-0.020601,-0.192371,0.010455
1071.209473,-0.012222,-0.158852,0.004470
1081.179688,-0.000251,-0.151669,0.000878
1091.149902,0.003341,-0.160049,-0.001515
1101.129883,-0.000251,-0.162956,0.009236
1111.120117,-0.003836,-0.152709,0.023581
1121.114746,0.004542,-0.148486,0.015180
1131.114746,0.016483,-0.149094,-0.002795
1141.104980,0.012850,-0.152099,-0.002812
1151.084473,-0.000344,-0.156275,-0.005225
1161.060059,-0.003942,-0.156831,-0.016020
1171.029785,-0.000352,-0.159767,-0.013646
1181.115234,0.003233,-0.163874,-0.001696
1191.314453,0.003224,-0.163180,0.004269
1201.294922,0.000820,-0.160094,-0.002935
1211.054688,-0.001578,-0.160593,-0.010139
1220.929688,0.000813,-0.157514,-0.013752
1230.919922,0.006781,-0.162818,-0.006590
1240.899902,0.006754,-0.166907,0.008951
1250.870117,0.007920,-0.160239,0.004143
1260.854980,-0.000479,-0.148821,-0.006650
1270.854980,-0.013633,-0.139831,-0.001881
