0.000000,0.588468,0.259955,0.132055
10.000000,0.595872,0.316916,0.226180
19.812500,0.569261,0.376109,0.284790
29.812500,0.620620,0.415319,0.392715
39.796875,0.762192,0.417059,0.426508
49.781250,0.904236,0.422462,0.254385
59.750000,0.910928,0.427881,-0.080699
69.734375,0.778999,0.389509,-0.336955
79.718750,0.594750,0.271756,-0.389810
89.640625,0.374673,0.098976,-0.290620
99.546875,0.149790,-0.058388,-0.188929
109.734375,0.007420,-0.148864,-0.166119
119.906250,-0.064712,-0.163962,-0.221053
129.843750,-0.122963,-0.134988,-0.341846
139.812500,-0.180352,-0.100880,-0.467495
149.812500,-0.233887,-0.090776,-0.481825
159.828125,-0.278149,-0.094436,-0.316469
169.796875,-0.342089,-0.094665,-0.068223
179.750000,-0.428231,-0.116055,0.104999
189.734375,-0.540381,-0.181489,0.096613
199.687500,-0.731291,-0.277893,-0.092430
209.703125,-0.942672,-0.368355,-0.316384
219.703125,-1.079986,-0.399049,-0.356411
229.671875,-1.172922,-0.357278,-0.098804
239.656250,-1.227146,-0.312343,0.391986
249.640625,-1.264610,-0.354874,0.905279
259.640625,-1.344413,-0.493695,1.225525
269.609375,-1.460041,-0.649925,1.328787
279.578125,-1.573325,-0.741619,1.314579
289.562500,-1.679337,-0.758097,1.262056
299.546875,-1.825029,-0.774846,1.196459
309.562500,-2.040784,-0.851772,1.135787
319.562500,-2.283539,-0.980870,1.112423
329.546875,-2.487320,-1.091594,1.170802
339.531250,-2.588585,-1.123799,1.305009
349.500000,-2.565364,-1.069247,1.468377
359.468750,-2.428073,-0.986133,1.602257
369.484375,-2.176349,-0.964715,1.692228
379.468750,-1.854150,-1.026993,1.803970
389.453125,-1.525849,-1.083435,2.000662
399.421875,-1.204686,-1.035005,2.268982
409.421875,-0.895987,-0.948564,2.516682
419.421875,-0.604373,-0.875798,2.668344
429.406250,-0.327904,-0.741842,2.703614
439.390625,-0.008893,-0.544451,2.660978
449.390625,0.412199,-0.373069,2.612502
459.375000,0.915407,-0.277545,2.648123
469.343750,1.430367,-0.243364,2.832370
479.312500,1.839726,-0.279674,3.112324
489.312500,2.056058,-0.410242,3.332049
499.296875,2.081621,-0.604656,3.383493
509.281250,1.990500,-0.792049,3.293994
519.187500,1.912564,-0.904896,3.103282
529.093750,1.901711,-0.893963,2.808335
539.250000,1.948043,-0.775516,2.419313
549.406250,2.100147,-0.638463,1.919761
559.375000,2.338557,-0.564010,1.415213
569.328125,2.568466,-0.595838,1.178682
579.312500,2.796606,-0.739186,1.221138
589.281250,3.087086,-0.906495,1.210843
599.281250,3.416862,-0.919049,1.034571
609.265625,3.733410,-0.737846,0.898648
619.265625,4.016183,-0.510356,0.999367
629.265625,4.277340,-0.354727,1.312120
639.281250,4.557470,-0.305595,1.617345
649.281250,4.882895,-0.360841,1.793893
659.250000,5.213444,-0.465278,1.858351
669.218750,5.482008,-0.536568,1.791087
679.203125,5.663623,-0.544251,1.498830
689.187500,5.731217,-0.522034,0.945180
699.156250,5.652962,-0.516270,0.212027
709.156250,5.444866,-0.516086,-0.493383
719.140625,5.173888,-0.467138,-0.961088
729.140625,4.951244,-0.412837,-1.160424
739.140625,4.805121,-0.470575,-1.164281
749.125000,4.664540,-0.634156,-1.029430
759.093750,4.504747,-0.807719,-0.898736
769.046875,4.311928,-0.910960,-0.944315
779.031250,4.055658,-0.909764,-1.203650
789.031250,3.775480,-0.875104,-1.571380
799.000000,3.511111,-0.885893,-1.860671
808.984375,3.253162,-0.940919,-2.005137
818.953125,3.021184,-1.017704,-2.080435
828.953125,2.872867,-1.084664,-2.144122
838.953125,2.807696,-1.100048,-2.213297
848.937500,2.739701,-1.089811,-2.225814
858.937500,2.621525,-1.105900,-2.052737
868.906250,2.474171,-1.133492,-1.747661
878.906250,2.325983,-1.156417,-1.520216
888.890625,2.198105,-1.164480,-1.483510
898.875000,2.070429,-1.129652,-1.695389
908.875000,1.914822,-1.103382,-2.128508
918.875000,1.748890,-1.136759,-2.595440
928.843750,1.590657,-1.199826,-2.939284
938.843750,1.462813,-1.223721,-3.129593
948.812500,1.346943,-1.166027,-3.204556
958.812500,1.179451,-1.067920,-3.233839
968.843750,0.932300,-1.004763,-3.243687
978.828125,0.617682,-0.984211,-3.218485
988.796875,0.338959,-0.950554,-3.189243
998.765625,0.231868,-0.879530,-3.224946
1008.750000,0.268494,-0.766293,-3.300920
1018.750000,0.375105,-0.638581,-3.260072
1028.718750,0.541169,-0.555163,-3.049663
1038.734375,0.728876,-0.508038,-2.789314
1048.734375,0.906630,-0.476010,-2.625855
1058.718750,1.027225,-0.474086,-2.659718
1068.734375,1.020548,-0.517618,-2.917856
1078.703125,0.839613,-0.564688,-3.304825
1088.703125,0.514268,-0.577858,-3.652635
1098.687500,0.134957,-0.589514,-3.822048
1108.640625,-0.218397,-0.638196,-3.716895
1118.625000,-0.534685,-0.722563,-3.375568
1128.593750,-0.819311,-0.819588,-2.918952
1138.578125,-1.055246,-0.899482,-2.481067
1148.578125,-1.224047,-0.968084,-2.144882
1158.578125,-1.339987,-1.027325,-1.830955
1168.609375,-1.459996,-1.061176,-1.461390
1178.578125,-1.656042,-1.110525,-1.184844
1188.531250,-1.950528,-1.212337,-1.223671
1198.531250,-2.302809,-1.299236,-1.491988
1208.515625,-2.609552,-1.323753,-1.693382
1218.515625,-2.733901,-1.314513,-1.620545
1228.515625,-2.656974,-1.288182,-1.255961
1238.500000,-2.495738,-1.223969,-0.772645
1248.500000,-2.386887,-1.155857,-0.316508
1258.468750,-2.358289,-1.132655,0.126088
1268.453125,-2.358627,-1.150798,0.539015
