0.000000,-1.260090,-0.967903,-3.463742
9.960938,-1.364748,-0.919869,-4.015627
19.953125,-1.440822,-0.770487,-4.391976
29.953125,-1.407847,-0.601653,-4.393317
39.960938,-1.271507,-0.546810,-3.923050
49.953125,-1.101564,-0.595343,-3.049017
59.921875,-0.922001,-0.646707,-2.067211
69.890625,-0.761786,-0.724785,-1.351727
79.890625,-0.694409,-0.846297,-1.066073
89.898438,-0.713796,-0.978827,-1.110213
99.867188,-0.752728,-1.102787,-1.314509
109.835938,-0.869758,-1.137443,-1.550793
119.835938,-1.121136,-1.087875,-1.778335
129.828125,-1.354299,-1.066505,-1.972320
139.835938,-1.465484,-1.130977,-1.963207
149.835938,-1.557746,-1.234332,-1.586816
159.812500,-1.708253,-1.306131,-0.925742
169.789062,-1.938533,-1.409572,-0.268847
179.789062,-2.287659,-1.623727,0.150921
189.773438,-2.751812,-1.819858,0.275393
199.757812,-3.180689,-1.844249,0.222366
209.734375,-3.449751,-1.744966,0.257708
219.734375,-3.562249,-1.592162,0.552735
229.734375,-3.538478,-1.460570,0.991231
239.703125,-3.429293,-1.440792,1.372443
249.671875,-3.310042,-1.488152,1.723898
259.664062,-3.178789,-1.513251,2.173329
269.656250,-3.029883,-1.508593,2.664394
279.632812,-2.912089,-1.478553,2.981234
289.617188,-2.894541,-1.423968,2.991202
299.625000,-2.987420,-1.367525,2.730449
309.640625,-3.105730,-1.346773,2.375182
319.585938,-3.134826,-1.359714,2.187427
329.539062,-2.972531,-1.387864,2.246192
339.523438,-2.635923,-1.470750,2.373466
349.515625,-2.260790,-1.619435,2.424791
359.500000,-1.925077,-1.730096,2.448163
369.453125,-1.601918,-1.696811,2.520484
379.375000,-1.226583,-1.545584,2.563153
389.398438,-0.803090,-1.344703,2.482925
399.507812,-0.395282,-1.119016,2.331611
409.546875,0.000981,-0.945631,2.205774
419.515625,0.379307,-0.958010,2.172780
429.500000,0.636409,-1.179480,2.299652
439.500000,0.713723,-1.491828,2.606606
449.492188,0.632388,-1.739355,3.085617
459.484375,0.467433,-1.831733,3.680749
469.468750,0.358395,-1.783331,4.172747
479.453125,0.405164,-1.607995,4.308998
489.437500,0.634365,-1.339878,4.020173
499.437500,1.034982,-1.082479,3.445608
509.429688,1.507750,-0.872595,2.786572
519.414062,1.948891,-0.671352,2.208968
529.390625,2.373670,-0.462667,1.825250
539.359375,2.789611,-0.224492,1.662769
549.335938,3.156894,0.026401,1.638390
559.320312,3.459025,0.229749,1.583570
569.304688,3.687289,0.357602,1.449210
579.289062,3.834523,0.420159,1.281594
589.281250,3.882889,0.451563,1.054005
599.281250,3.834602,0.485452,0.732610
609.265625,3.721414,0.510509,0.335191
619.242188,3.559299,0.512198,-0.112020
629.218750,3.296917,0.500597,-0.564789
639.203125,2.918508,0.469594,-0.934594
650.468750,2.489315,0.414434,-1.152090
663.007812,2.071958,0.369163,-1.206401
672.992188,1.751305,0.358829,-1.155138
684.140625,1.561445,0.351619,-1.080282
694.148438,1.261202,0.245542,-0.952294
704.156250,0.967734,0.096027,-0.881943
714.156250,0.637632,-0.036919,-0.843897
724.164062,0.354182,-0.092008,-0.803411
734.140625,0.180560,-0.077490,-0.765268
744.117188,0.124062,-0.030857,-0.761858
754.078125,0.170397,-0.002946,-0.798069
764.039062,0.248273,-0.004419,-0.821345
774.023438,0.295119,-0.031725,-0.750376
784.023438,0.306046,-0.079181,-0.561178
794.031250,0.289041,-0.111091,-0.264240
804.039062,0.244698,-0.118414,0.045738
814.023438,0.150901,-0.122429,0.266038
824.000000,0.037145,-0.121320,0.370397
833.968750,-0.032752,-0.125076,0.407992
843.937500,-0.053624,-0.132089,0.466139
853.937500,-0.056277,-0.122325,0.555526
863.945312,-0.033419,-0.117329,0.624616
873.937500,-0.007226,-0.122300,0.657802
883.937500,-0.023643,-0.107640,0.674133
893.906250,-0.058708,-0.101392,0.660421
903.875000,-0.098036,-0.139229,0.634674
913.867188,-0.115340,-0.202738,0.629138
923.843750,-0.084554,-0.250185,0.620021
934.789062,-0.015996,-0.241082,0.573791
945.742188,0.078319,-0.163542,0.463870
954.765625,0.123129,-0.109219,0.388430
963.804688,0.171597,-0.042938,0.276896
973.789062,0.099032,-0.079505,0.282544
983.781250,0.014736,-0.145994,0.298100
993.757812,-0.021312,-0.191828,0.185878
1003.734375,-0.005801,-0.213516,-0.033647
1013.757812,0.008935,-0.240429,-0.219026
1023.781250,-0.026793,-0.285217,-0.251700
1034.023438,-0.109230,-0.349665,-0.162704
1044.265625,-0.226803,-0.396319,-0.051468
1053.984375,-0.362877,-0.396892,0.017095
1063.718750,-0.493917,-0.362048,0.005746
1073.453125,-0.619312,-0.333047,-0.114309
1083.179688,-0.752831,-0.328043,-0.339633
1092.906250,-0.884880,-0.314602,-0.573623
1102.914062,-0.987686,-0.281936,-0.750810
1112.914062,-1.057656,-0.246508,-0.884630
1122.906250,-1.128037,-0.215295,-0.969384
1132.906250,-1.199786,-0.205262,-1.014531
1142.914062,-1.218089,-0.221336,-1.072470
1152.906250,-1.186329,-0.250348,-1.149910
1162.906250,-1.140619,-0.267898,-1.169790
1172.875000,-1.092386,-0.275192,-1.073133
1182.851562,-1.030095,-0.284429,-0.897985
1192.820312,-0.974015,-0.289542,-0.686131
1205.312500,-1.029373,-0.321643,-0.486635
1217.804688,-1.130319,-0.388284,-0.339871
1227.375000,-1.322322,-0.537161,-0.151592
1235.656250,-1.471808,-0.651597,0.018170
1245.828125,-1.639614,-0.723036,0.235857
1255.804688,-1.825921,-0.747526,0.436529
1265.585938,-2.028448,-0.776653,0.557624
1275.484375,-2.214561,-0.853845,0.600539
