0.000000,-2.430468,-1.440727,2.634514
9.988281,-2.424217,-1.295686,2.627562
19.980469,-2.310266,-1.168284,2.414394
29.968750,-2.126952,-1.112563,2.144899
39.960938,-1.898114,-1.168157,1.999972
49.929688,-1.653234,-1.302257,2.039550
59.898438,-1.459365,-1.416829,2.219371
69.890625,-1.354575,-1.452322,2.435246
79.878906,-1.214020,-1.420215,2.585361
90.066406,-0.908179,-1.319618,2.630139
100.445312,-0.456130,-1.162539,2.545483
110.398438,0.068553,-1.033233,2.327831
119.929688,0.604951,-0.989935,2.080345
129.789062,1.117277,-1.006027,1.917947
139.980469,1.582478,-1.029994,1.901740
149.968750,1.969912,-1.034069,2.082148
159.761719,2.262848,-1.012631,2.403036
169.640625,2.479784,-0.988712,2.692204
179.609375,2.659101,-0.983448,2.815804
189.578125,2.862994,-0.995785,2.739258
199.449219,3.092799,-0.996835,2.570360
209.320312,3.270212,-0.980502,2.463585
219.457031,3.419779,-0.988426,2.434622
229.601562,3.625398,-1.030757,2.387696
239.738281,3.875705,-1.073515,2.302413
249.796875,4.123117,-1.049507,2.119124
259.781250,4.351259,-0.940648,1.695353
269.753906,4.470439,-0.789539,1.047728
279.722656,4.433660,-0.708001,0.323892
291.914062,4.429326,-0.758455,-0.276505
306.324219,4.580503,-0.845833,-0.627734
315.781250,4.768875,-0.842016,-0.827005
324.781250,4.790937,-0.607797,-1.144832
336.921875,4.636193,-0.355938,-1.179693
346.808594,4.663218,-0.314234,-0.994761
356.746094,4.702065,-0.271120,-0.922361
366.726562,4.752400,-0.238541,-1.020723
376.703125,4.771013,-0.211742,-1.215884
386.882812,4.689446,-0.204663,-1.451880
397.066406,4.523547,-0.298076,-1.682244
406.917969,4.303761,-0.494254,-1.874558
416.761719,4.037127,-0.662364,-2.036328
426.632812,3.743753,-0.768870,-2.146242
436.527344,3.440225,-0.850474,-2.149495
446.523438,3.142084,-0.932034,-2.059016
456.632812,2.879694,-1.026627,-1.968354
466.863281,2.675214,-1.090313,-1.982469
477.199219,2.531632,-1.073008,-2.143319
487.183594,2.430561,-0.967016,-2.385496
496.800781,2.318074,-0.829145,-2.612447
506.609375,2.139544,-0.715552,-2.747560
516.613281,1.945363,-0.652449,-2.756844
526.613281,1.810302,-0.661214,-2.639973
536.625000,1.698608,-0.751403,-2.421576
546.613281,1.546672,-0.902530,-2.159662
556.585938,1.325431,-1.117055,-1.937450
566.554688,1.023734,-1.376368,-1.805509
576.554688,0.694228,-1.594755,-1.765668
586.582031,0.398308,-1.707203,-1.822291
596.562500,0.117405,-1.680018,-1.982517
606.476562,-0.159934,-1.494190,-2.252331
616.503906,-0.383751,-1.222983,-2.620978
626.632812,-0.561316,-1.000880,-3.058296
636.628906,-0.763931,-0.939351,-3.551956
646.492188,-1.039557,-1.048278,-4.007252
656.406250,-1.280912,-1.229764,-4.253764
666.390625,-1.391704,-1.371165,-4.208858
676.367188,-1.465261,-1.429522,-3.913349
686.351562,-1.545834,-1.421122,-3.463617
696.332031,-1.587290,-1.342215,-2.993014
706.328125,-1.586994,-1.261701,-2.642019
716.328125,-1.619218,-1.277105,-2.422941
726.332031,-1.723643,-1.409851,-2.246337
736.328125,-1.904342,-1.583771,-1.983539
746.332031,-2.119477,-1.686672,-1.544446
756.328125,-2.368129,-1.709076,-0.999233
766.296875,-2.729706,-1.726849,-0.524032
776.222656,-3.207955,-1.737815,-0.238508
786.242188,-3.655957,-1.718859,-0.228479
796.355469,-3.936109,-1.728241,-0.590440
806.507812,-4.072758,-1.809925,-1.184249
816.691406,-4.164791,-1.892910,-1.682118
826.679688,-4.181638,-1.930872,-1.846027
836.460938,-4.028830,-1.953272,-1.566885
846.339844,-3.732973,-1.953516,-0.874941
856.320312,-3.391198,-1.920642,0.017340
866.304688,-3.135685,-1.834030,0.805403
876.292969,-3.020410,-1.689417,1.306314
886.285156,-2.997188,-1.500021,1.549420
896.273438,-2.933751,-1.252910,1.704095
906.265625,-2.687274,-1.022230,1.799818
916.253906,-2.310861,-0.907589,1.770297
926.246094,-2.016992,-0.959146,1.701549
936.234375,-1.839588,-1.166237,1.783801
946.222656,-1.644827,-1.407641,2.080862
956.207031,-1.370876,-1.553743,2.528751
966.183594,-1.061883,-1.569856,2.979692
976.113281,-0.867883,-1.467584,3.285279
985.996094,-0.802437,-1.228911,3.440509
996.003906,-0.720177,-0.905045,3.466360
1006.144531,-0.577843,-0.669621,3.300924
1016.183594,-0.437881,-0.645633,2.943833
1026.125000,-0.350281,-0.738286,2.519338
1036.093750,-0.265426,-0.801484,2.141220
1046.093750,-0.062374,-0.856657,1.856468
1056.093750,0.259145,-0.904034,1.727536
1066.093750,0.659999,-0.897679,1.825195
1076.085938,1.122010,-0.786517,2.166355
1086.066406,1.640524,-0.552831,2.627871
1096.046875,2.225255,-0.299271,2.965446
1106.039062,2.745654,-0.098254,3.020975
1116.023438,3.005274,0.048012,2.829224
1126.007812,2.968741,0.110579,2.537418
1135.984375,2.745634,0.081411,2.240159
1145.964844,2.484220,0.023357,1.995060
1155.949219,2.322229,0.020450,1.814018
1165.937500,2.348815,0.103549,1.657486
1175.960938,2.568787,0.256175,1.495456
1186.007812,2.849119,0.422340,1.284696
1195.996094,3.040508,0.548613,0.976075
1205.914062,3.114944,0.625127,0.588637
1215.863281,3.103903,0.661006,0.171355
1225.847656,3.016752,0.660319,-0.204006
1235.824219,2.852124,0.665544,-0.462047
1245.828125,2.663188,0.695154,-0.577569
1255.824219,2.523732,0.714299,-0.578020
1265.824219,2.424915,0.724912,-0.483748
1275.824219,2.308663,0.742260,-0.355696
