0.000000,2.044178,-0.107565,-0.571522
10.093750,1.667368,-0.097095,-0.672480
20.093750,1.358948,-0.052644,-0.780005
30.093750,1.154900,0.042354,-0.861714
40.078125,1.046757,0.185719,-0.875480
50.093750,1.029156,0.333473,-0.784045
60.078125,1.075795,0.447093,-0.590838
70.046875,1.111731,0.492556,-0.323106
80.031250,1.073225,0.431312,-0.074190
90.000000,0.957403,0.317482,0.098171
100.000000,0.818254,0.220105,0.251262
110.000000,0.692560,0.163059,0.424475
119.968750,0.598625,0.139750,0.625111
129.968750,0.543309,0.133377,0.820985
139.953125,0.511071,0.134821,0.949994
149.953125,0.486253,0.145337,0.975093
159.937500,0.465287,0.162813,0.920162
169.906250,0.461528,0.169735,0.847454
179.906250,0.474035,0.152565,0.815615
189.875000,0.500423,0.116990,0.816275
199.875000,0.515303,0.057907,0.829588
209.875000,-0.363813,-0.007378,-0.927320
219.875000,-0.472047,-0.066465,-0.945080
229.875000,-0.606326,-0.122252,-1.019368
239.890625,-0.719446,-0.171885,-1.042528
249.828125,-0.814358,-0.216147,-0.943945
259.703125,-0.958997,-0.241884,-0.711531
269.703125,-1.171513,-0.245544,-0.411087
279.812500,-1.401372,-0.238041,-0.094198
289.859375,-1.571609,-0.259304,0.270411
299.843750,-1.627284,-0.352310,0.709268
309.843750,-1.633360,-0.517151,1.194875
319.812500,-1.671927,-0.698087,1.687953
329.812500,-1.756653,-0.841629,2.121600
339.843750,-1.869175,-0.914140,2.453896
349.875000,-1.964814,-0.888113,2.678853
359.765625,-1.964392,-0.772155,2.772601
369.671875,-1.777463,-0.592265,2.704044
379.718750,-1.395265,-0.393465,2.486333
389.765625,-0.907490,-0.254859,2.204417
399.781250,-0.438313,-0.218290,1.991004
409.781250,-0.058105,-0.269408,1.966784
419.796875,0.216624,-0.354040,2.135121
429.796875,0.403692,-0.405977,2.336607
439.781250,0.509466,-0.352612,2.402234
449.765625,0.560699,-0.160185,2.302052
459.765625,0.684851,0.104030,2.146180
469.734375,1.005538,0.323667,2.042435
479.718750,1.499207,0.405757,1.993499
489.703125,2.028172,0.358285,1.973330
499.687500,2.415874,0.269808,2.041979
509.671875,2.561702,0.175789,2.283364
519.640625,2.519130,0.075218,2.626906
529.625000,2.412787,0.007618,2.884597
539.593750,2.363974,0.028649,2.909156
549.593750,2.463313,0.117402,2.670622
559.562500,2.711442,0.224965,2.244389
569.578125,3.031370,0.312415,1.764524
579.609375,3.360584,0.326701,1.353085
589.609375,3.584089,0.256568,1.048293
599.562500,3.608954,0.162305,0.841702
609.546875,3.507515,0.098819,0.750063
619.531250,3.421656,0.067190,0.796154
629.531250,3.478517,0.044503,0.947763
639.531250,3.716341,0.016209,1.069771
649.500000,4.018612,-0.011095,1.015088
659.484375,4.217461,-0.017147,0.777849
669.453125,4.271543,-0.004442,0.461063
679.359375,4.256161,0.002630,0.179630
689.250000,4.228108,-0.011316,0.012578
699.343750,4.212303,-0.042805,-0.042383
709.437500,4.208521,-0.084795,-0.062953
719.421875,4.191501,-0.164472,-0.167520
729.406250,4.100201,-0.281689,-0.384784
739.390625,3.913249,-0.387123,-0.647749
749.375000,3.729584,-0.448687,-0.882352
759.390625,3.659257,-0.484324,-1.054104
769.328125,3.698796,-0.509305,-1.177602
779.296875,3.754129,-0.497158,-1.292514
789.296875,3.784785,-0.455830,-1.407398
799.281250,3.772289,-0.403249,-1.490142
809.281250,3.712748,-0.352241,-1.508354
819.250000,3.632959,-0.306942,-1.468995
829.203125,3.562350,-0.260723,-1.421988
839.078125,3.511332,-0.239293,-1.400620
849.078125,3.430934,-0.281543,-1.437960
859.187500,3.261263,-0.369561,-1.550290
869.250000,3.008324,-0.452747,-1.743156
879.234375,2.749120,-0.523532,-1.963630
889.312500,2.558148,-0.606561,-2.096029
899.484375,2.430000,-0.695781,-2.075729
909.437500,2.305726,-0.790354,-1.932318
919.156250,2.154418,-0.894244,-1.808258
929.046875,1.946484,-0.981770,-1.841861
939.093750,1.674447,-1.052761,-2.045277
949.078125,1.345853,-1.127836,-2.325087
959.015625,0.967916,-1.215104,-2.555151
968.968750,0.569691,-1.295292,-2.653018
978.984375,0.196917,-1.354252,-2.615104
988.968750,-0.105558,-1.385768,-2.522633
998.937500,-0.356378,-1.382404,-2.434062
1008.937500,-0.592724,-1.358975,-2.384009
1018.906250,-0.791839,-1.321313,-2.403717
1028.890625,-0.940846,-1.270408,-2.459755
1038.890625,-1.067638,-1.238726,-2.523377
1048.875000,-1.222674,-1.201017,-2.608667
1058.859375,-1.405723,-1.117072,-2.709870
1068.843750,-1.556979,-1.033284,-2.830664
1078.828125,-1.690985,-0.992048,-2.952092
1088.828125,-1.839472,-0.965576,-2.974808
1098.812500,-1.943264,-0.905178,-2.829057
1108.812500,-1.948843,-0.814777,-2.552442
1118.812500,-1.900866,-0.738017,-2.250890
1128.781250,-1.862093,-0.672399,-1.987557
1138.765625,-1.852778,-0.600139,-1.690307
1148.750000,-1.882907,-0.568796,-1.257668
1158.750000,-1.979011,-0.612049,-0.733130
1168.734375,-2.083966,-0.680663,-0.360391
1178.687500,-2.115219,-0.737877,-0.409104
1189.453125,-2.092436,-0.778763,-0.857607
1201.000000,-2.116757,-0.805082,-1.416566
1211.000000,-2.246479,-0.822644,-1.811343
1219.437500,-2.413105,-0.835907,-1.925020
1228.656250,-2.541882,-0.855536,-1.771005
1238.640625,-2.657147,-0.884601,-1.436737
1248.625000,-2.768431,-0.909371,-1.028572
1258.609375,-2.839626,-0.896649,-0.659781
1268.750000,-2.816342,-0.809500,-0.447819
