0.000000,-0.720881,-1.073726,2.281760
9.968750,-0.662266,-1.169233,2.464355
19.984375,-0.514792,-1.193323,2.602942
29.984375,-0.278923,-1.120332,2.697414
39.953125,0.023025,-0.970073,2.655615
49.937500,0.388852,-0.814897,2.480056
60.015625,0.811481,-0.708329,2.273809
70.093750,1.249599,-0.691686,2.096933
80.000000,1.626441,-0.751544,1.965440
89.890625,1.905875,-0.838620,1.892965
99.875000,2.064223,-0.928113,1.905056
109.859375,2.077493,-0.985771,2.006770
119.984375,2.040087,-0.998076,2.146645
130.125000,2.007779,-0.955504,2.184248
139.953125,2.025095,-0.911139,2.012877
149.796875,2.189646,-0.904528,1.773658
159.796875,2.436755,-0.888310,1.648244
169.796875,2.702726,-0.925922,1.663440
179.781250,2.889757,-1.039215,1.766798
189.781250,2.999868,-1.188678,1.825822
199.765625,3.106337,-1.318679,1.741921
209.765625,3.242499,-1.406543,1.545716
219.750000,3.374581,-1.440708,1.299994
230.015625,3.493822,-1.395114,1.080545
240.578125,3.655570,-1.305727,0.887865
250.421875,3.862214,-1.231246,0.635121
259.546875,4.017050,-1.185087,0.340217
269.328125,4.025801,-1.183823,0.107999
279.796875,3.895868,-1.226311,-0.022708
290.250000,3.721981,-1.283239,-0.101537
299.906250,3.575871,-1.356781,-0.193302
309.562500,3.456564,-1.422831,-0.380154
319.546875,3.387549,-1.427690,-0.724355
329.546875,3.404736,-1.334999,-1.170613
339.562500,3.458440,-1.156833,-1.582781
349.546875,3.478568,-0.967498,-1.833649
359.531250,3.477935,-0.819664,-1.873953
369.515625,3.477469,-0.701115,-1.734075
379.484375,3.471507,-0.619131,-1.585250
389.453125,3.392380,-0.623916,-1.555993
399.453125,3.195433,-0.726751,-1.592209
409.453125,2.921901,-0.888976,-1.630485
419.437500,2.641958,-1.061994,-1.696395
429.437500,2.414781,-1.180988,-1.828441
439.390625,2.274247,-1.199921,-2.004387
449.359375,2.227731,-1.130826,-2.179722
459.359375,2.253524,-1.009717,-2.312535
469.343750,2.286167,-0.869596,-2.385568
479.359375,2.264075,-0.722424,-2.426357
489.375000,2.140832,-0.575047,-2.454376
499.328125,1.915013,-0.471083,-2.505964
509.296875,1.580564,-0.455533,-2.625105
519.281250,1.154798,-0.506832,-2.790285
529.265625,0.746911,-0.604150,-2.950595
539.265625,0.386322,-0.732923,-3.093466
549.234375,0.058922,-0.843691,-3.278297
559.218750,-0.173808,-0.875581,-3.516002
569.203125,-0.245988,-0.821297,-3.700925
579.203125,-0.191933,-0.719325,-3.696108
589.203125,-0.096516,-0.604139,-3.447461
599.203125,-0.058551,-0.498131,-3.059582
609.203125,-0.186093,-0.460343,-2.690605
619.187500,-0.525650,-0.539053,-2.399254
629.171875,-0.969916,-0.670853,-2.162485
639.171875,-1.351810,-0.771484,-2.115402
649.140625,-1.668164,-0.845401,-2.446890
659.125000,-1.981431,-0.919909,-3.072923
669.109375,-2.231251,-0.971701,-3.704368
679.078125,-2.316383,-0.997863,-4.105044
689.078125,-2.236182,-1.045132,-4.179847
699.062500,-2.104775,-1.115806,-3.911928
709.046875,-1.984421,-1.174137,-3.281532
719.031250,-1.879970,-1.220485,-2.380775
729.015625,-1.874186,-1.261891,-1.484825
739.031250,-2.064318,-1.291369,-0.858223
749.031250,-2.392896,-1.305104,-0.611794
759.000000,-2.659878,-1.306764,-0.677750
768.984375,-2.724265,-1.304290,-0.870537
778.953125,-2.610684,-1.306143,-0.998806
788.937500,-2.429700,-1.269465,-0.882605
798.953125,-2.269353,-1.152519,-0.395264
808.937500,-2.170954,-1.031395,0.375889
818.921875,-2.180597,-1.050747,1.055659
828.890625,-2.375293,-1.275567,1.285303
838.890625,-2.744772,-1.650987,1.021222
848.875000,-3.151865,-1.988396,0.573746
858.843750,-3.463240,-2.058032,0.366083
869.187500,-3.510803,-1.843215,0.634111
879.843750,-3.238895,-1.501126,1.343620
889.781250,-2.812498,-1.151807,2.211008
898.953125,-2.392334,-0.885362,2.830897
908.515625,-2.039685,-0.780856,2.843836
918.500000,-1.847471,-0.808524,2.274153
928.484375,-1.840073,-0.857333,1.548326
938.484375,-1.811119,-0.936784,1.028540
948.484375,-1.671100,-1.002362,0.818463
958.468750,-1.513827,-0.928907,0.974463
968.453125,-1.279071,-0.741732,1.541655
978.437500,-0.851443,-0.549554,2.414372
988.406250,-0.342888,-0.376991,3.286548
998.390625,0.067449,-0.212044,3.869694
1008.390625,0.340147,-0.111451,4.042622
1018.390625,0.462371,-0.129589,3.780921
1028.406250,0.402966,-0.249033,3.176244
1038.375000,0.228440,-0.416347,2.443575
1048.375000,0.019613,-0.593774,1.798003
1058.375000,-0.163974,-0.802650,1.367464
1068.359375,-0.130366,-1.056414,1.287343
1078.375000,0.242633,-1.217343,1.615437
1088.375000,0.805215,-1.116958,2.004976
1098.359375,1.388785,-0.861784,2.059656
1108.359375,1.930841,-0.649049,1.859446
1118.359375,2.404140,-0.522302,1.727448
1128.343750,2.774471,-0.447365,1.795472
1138.343750,3.027922,-0.374611,2.010943
1148.312500,3.213597,-0.296558,2.248390
1158.281250,3.373052,-0.242097,2.274505
1168.281250,3.468546,-0.217190,1.977812
1178.250000,3.453624,-0.185463,1.500646
1188.281250,3.312718,-0.137681,1.017621
1198.312500,3.113423,-0.079541,0.594410
1208.250000,2.953746,0.016526,0.265625
1218.218750,2.822420,0.139510,0.053992
1228.187500,2.644792,0.238219,-0.066820
1238.171875,2.454006,0.261212,-0.144671
1248.156250,2.289830,0.226544,-0.217931
1258.140625,2.079921,0.182705,-0.262699
1268.140625,1.799922,0.108224,-0.251340
