0.000000,-1.387339,-1.146459,1.990644
9.984375,-1.027915,-0.999023,1.993986
19.984375,-0.591585,-0.825149,2.135052
35.257812,-0.142473,-0.627174,2.394073
50.539062,0.153743,-0.444943,2.612246
59.625000,0.467320,-0.402897,2.649318
69.609375,0.548392,-0.500899,2.611030
79.601562,0.565721,-0.649185,2.583316
89.593750,0.539032,-0.830523,2.558036
99.601562,0.529913,-0.970849,2.555634
112.640625,0.626740,-1.007262,2.644380
125.679688,0.865040,-0.937783,2.822676
136.046875,1.398923,-0.845910,3.026307
144.500000,1.680663,-0.864997,2.944835
154.500000,1.822956,-0.919465,2.682903
164.492188,1.898927,-0.921322,2.441596
174.484375,2.056801,-0.881598,2.328032
184.468750,2.364088,-0.863868,2.313202
194.445312,2.697952,-0.825005,2.323296
204.437500,2.946604,-0.724923,2.306377
214.445312,3.111313,-0.574306,2.224982
224.429688,3.269851,-0.418898,2.004825
234.406250,3.532622,-0.321413,1.637267
244.390625,3.900261,-0.315412,1.207775
254.250000,4.231381,-0.397329,0.841059
264.109375,4.381305,-0.523968,0.680586
274.257812,4.274934,-0.592282,0.676059
284.414062,4.014597,-0.594046,0.583374
294.382812,3.795483,-0.655760,0.265690
304.351562,3.645782,-0.748340,-0.189769
314.351562,3.502275,-0.729396,-0.647692
324.343750,3.397834,-0.596405,-1.091594
334.343750,3.399039,-0.465895,-1.506321
344.328125,3.480966,-0.401349,-1.795333
354.320312,3.584599,-0.373529,-1.889333
364.304688,3.677511,-0.324980,-1.837120
374.281250,3.688140,-0.250758,-1.775972
384.273438,3.565134,-0.193960,-1.861587
394.242188,3.339189,-0.187926,-2.126698
404.210938,3.116133,-0.204445,-2.448202
414.273438,2.915708,-0.234631,-2.680265
424.328125,2.650997,-0.294991,-2.797118
434.265625,2.374031,-0.351823,-2.828145
444.210938,2.165117,-0.383674,-2.813894
454.179688,2.023704,-0.384445,-2.839180
464.195312,1.930878,-0.358871,-2.983155
474.171875,1.866287,-0.308321,-3.232658
484.109375,1.796531,-0.229625,-3.496799
494.054688,1.675594,-0.113138,-3.643378
503.992188,1.517426,0.021400,-3.569516
513.960938,1.347558,0.122067,-3.301985
523.960938,1.176356,0.143681,-2.936718
533.953125,1.012762,0.050869,-2.566091
543.960938,0.758906,-0.119953,-2.268507
553.953125,0.479281,-0.306636,-2.101665
563.945312,0.298060,-0.439797,-2.111141
573.929688,0.109419,-0.496370,-2.297678
583.929688,-0.115798,-0.544896,-2.613201
593.921875,-0.296443,-0.571563,-2.948793
603.914062,-0.394308,-0.540707,-3.290237
613.906250,-0.454359,-0.488007,-3.742330
623.882812,-0.527800,-0.454255,-4.250768
633.875000,-0.591017,-0.439031,-4.563576
643.867188,-0.581488,-0.427171,-4.456147
653.843750,-0.493990,-0.461808,-3.899462
663.812500,-0.425581,-0.619287,-3.127063
673.796875,-0.542888,-0.850391,-2.421613
683.796875,-0.908714,-1.019217,-1.915661
693.781250,-1.357717,-1.094768,-1.665752
703.750000,-1.753564,-1.110869,-1.645876
713.742188,-2.145136,-1.066992,-1.767358
723.757812,-2.501742,-1.014717,-1.972939
733.742188,-2.734801,-1.017118,-2.205701
743.710938,-2.897054,-1.039276,-2.361940
756.125000,-3.031967,-1.086479,-2.290240
770.976562,-3.089906,-1.145653,-1.860531
780.960938,-3.158318,-1.270013,-1.107704
793.687500,-3.491769,-1.642639,0.423648
803.765625,-3.547965,-1.683020,0.799721
813.750000,-3.438368,-1.635178,0.945959
823.664062,-3.264741,-1.433555,1.088364
833.609375,-3.054457,-1.208091,1.274845
843.601562,-2.837894,-1.119630,1.401744
853.593750,-2.716424,-1.118209,1.437189
863.585938,-2.729443,-1.102261,1.469996
873.875000,-2.814480,-1.030594,1.595642
884.468750,-2.807796,-0.995388,1.778240
895.046875,-2.670590,-1.143659,1.985174
904.414062,-2.595763,-1.258371,2.141142
913.773438,-2.441129,-1.431607,2.658812
923.890625,-2.014302,-1.358525,3.630462
934.007812,-1.632574,-1.129028,3.992798
944.132812,-1.306102,-0.843608,4.083143
954.148438,-1.074818,-0.616609,3.979692
964.062500,-0.874445,-0.517059,3.706767
973.968750,-0.713774,-0.529395,3.278652
983.960938,-0.648011,-0.502750,2.852774
993.953125,-0.538514,-0.371219,2.627971
1004.101562,-0.242254,-0.225215,2.639718
1014.250000,0.213751,-0.179260,2.753581
1027.484375,0.719340,-0.262597,2.793921
1040.710938,1.140485,-0.359930,2.739076
1050.804688,1.453876,-0.368182,2.643497
1059.164062,1.572748,-0.313034,2.510045
1069.140625,1.728310,-0.204124,2.280501
1079.132812,1.927420,-0.109154,1.954083
1089.125000,2.183881,-0.087813,1.536461
1099.117188,2.462576,-0.066782,1.179269
1109.101562,2.722844,0.019936,1.050017
1119.078125,2.948043,0.133604,1.092422
1129.054688,3.048792,0.208640,1.165259
1139.109375,2.929199,0.261537,1.215888
1149.218750,2.666492,0.304103,1.228923
1159.320312,2.395693,0.300217,1.088288
1169.343750,2.153462,0.236620,0.690782
1179.273438,1.930015,0.129543,0.129289
1189.226562,1.735661,0.029061,-0.397730
1199.195312,1.580642,-0.025476,-0.740856
1209.171875,1.420557,-0.058183,-0.867795
1219.148438,1.204932,-0.055821,-0.869477
1229.125000,0.937393,-0.003200,-0.846408
1239.132812,0.689978,0.074620,-0.863248
1249.125000,0.552593,0.155938,-0.928474
1259.085938,0.539014,0.210856,-0.983560
1269.046875,0.581353,0.226297,-0.920907
1279.023438,0.606148,0.192929,-0.677896
1289.007812,0.581972,0.117636,-0.336855
1299.000000,0.485234,0.036268,0.004301
