0.000000,0.412461,-0.052138,0.265674
9.953125,0.450344,0.001859,0.207573
19.937500,0.483170,0.073583,0.124817
29.890625,0.513033,0.133763,0.054567
42.187500,0.562099,0.166953,0.033795
54.453125,0.641028,0.187611,0.064145
65.468750,0.775089,0.219715,0.153175
74.125000,0.767515,0.249434,0.218111
84.125000,0.658438,0.282838,0.323604
94.125000,0.523842,0.297032,0.488671
104.109375,0.394914,0.283576,0.659550
114.093750,0.277148,0.250182,0.751266
124.062500,0.190050,0.204401,0.711249
134.046875,0.159011,0.150480,0.562299
144.031250,0.159884,0.106215,0.345216
154.015625,0.143221,0.085818,0.088813
164.015625,0.100792,0.072732,-0.107520
174.015625,0.054199,0.051465,-0.188653
184.000000,0.000926,0.034036,-0.216922
194.000000,-0.066523,0.017799,-0.215244
203.984375,-0.136184,-0.017641,-0.219688
213.984375,-0.190574,-0.071179,-0.308241
223.968750,-0.253383,-0.133844,-0.473751
233.953125,-0.358131,-0.195807,-0.618101
243.953125,-0.480200,-0.246451,-0.639479
253.921875,-0.595590,-0.282468,-0.537723
263.843750,-0.720610,-0.340580,-0.414498
273.750000,-0.905938,-0.446111,-0.353535
283.703125,-1.193447,-0.567322,-0.365601
293.671875,-1.536882,-0.698862,-0.415976
303.718750,-1.834686,-0.857781,-0.478241
313.828125,-2.046256,-1.002945,-0.533169
323.890625,-2.156515,-1.086994,-0.551856
333.890625,-2.148918,-1.120352,-0.480349
343.875000,-2.052255,-1.104243,-0.262307
353.859375,-1.910288,-1.056684,0.075927
363.843750,-1.763141,-1.014416,0.432537
373.843750,-1.659769,-0.996512,0.751129
383.812500,-1.634533,-1.008636,1.006410
393.796875,-1.687003,-1.054122,1.180309
403.796875,-1.777982,-1.139095,1.283478
413.781250,-1.868560,-1.257223,1.359018
425.187500,-1.957263,-1.346117,1.472766
438.000000,-2.011733,-1.349997,1.641775
448.156250,-2.000204,-1.297951,1.829801
459.437500,-1.860512,-1.226641,2.044935
469.031250,-1.290928,-1.060364,2.347302
478.640625,-0.781492,-0.889121,2.459514
488.609375,-0.305742,-0.735714,2.525879
498.593750,0.045971,-0.663704,2.603889
508.578125,0.274428,-0.648104,2.736457
518.593750,0.514588,-0.626648,3.005736
528.578125,0.891813,-0.535050,3.461447
538.546875,1.365914,-0.357940,4.001242
548.546875,1.805352,-0.160205,4.441582
558.515625,2.148209,-0.030603,4.636384
568.515625,2.423717,-0.037508,4.517673
578.500000,2.660418,-0.181252,4.149432
588.468750,2.861947,-0.388717,3.715152
598.453125,3.015297,-0.560123,3.325041
608.437500,3.121706,-0.618818,2.974310
618.421875,3.232572,-0.553553,2.630547
628.421875,3.448457,-0.448601,2.311736
638.390625,3.764175,-0.385458,2.070886
648.375000,4.033837,-0.382265,1.939417
658.359375,4.144766,-0.441865,1.912709
668.359375,4.091494,-0.566203,1.953827
678.343750,3.923060,-0.722702,2.001890
688.312500,3.724666,-0.825858,1.909668
698.296875,3.617772,-0.855336,1.549246
708.265625,3.642077,-0.866438,0.967290
718.265625,3.765731,-0.890883,0.338445
728.265625,3.932707,-0.941043,-0.154154
738.250000,4.073362,-1.032418,-0.427647
748.250000,4.136171,-1.126605,-0.525900
758.250000,4.127590,-1.174780,-0.574144
768.218750,4.097679,-1.188583,-0.725601
778.218750,4.065597,-1.175032,-1.066896
788.203125,4.032328,-1.087191,-1.471454
798.187500,4.033277,-0.936390,-1.774438
808.187500,4.100676,-0.802617,-1.987171
818.171875,4.210349,-0.698551,-2.189374
828.171875,4.297661,-0.589940,-2.379158
838.156250,4.338433,-0.470574,-2.462183
848.093750,4.372913,-0.348079,-2.426322
858.093750,4.383011,-0.234150,-2.349265
868.078125,4.304653,-0.138634,-2.289551
878.078125,4.157885,-0.050226,-2.228140
888.078125,4.020775,0.036975,-2.134986
898.046875,3.961517,0.121127,-2.043506
908.046875,3.977299,0.215566,-2.006627
918.015625,3.997852,0.307154,-1.989653
928.015625,3.949100,0.341889,-1.902559
938.031250,3.793735,0.273576,-1.750828
948.000000,3.536432,0.099705,-1.623813
958.000000,3.236191,-0.111440,-1.565749
967.968750,2.939809,-0.292727,-1.565053
977.968750,2.708383,-0.449990,-1.601520
987.953125,2.552372,-0.597243,-1.692050
997.906250,2.400640,-0.725553,-1.868173
1007.890625,2.198686,-0.834697,-2.076851
1017.859375,1.954016,-0.931410,-2.204828
1027.859375,1.690677,-1.029991,-2.182434
1037.875000,1.453820,-1.136260,-2.043743
1047.875000,1.270531,-1.245742,-1.844515
1057.859375,1.098326,-1.378187,-1.619872
1067.859375,0.923875,-1.553126,-1.411056
1077.812500,0.748158,-1.735413,-1.255576
1087.796875,0.577522,-1.880441,-1.228400
1097.781250,0.442882,-1.966525,-1.384835
1107.781250,0.354752,-2.000078,-1.672878
1117.765625,0.267792,-1.999397,-2.000796
1127.765625,0.075959,-1.964893,-2.294395
1137.765625,-0.274834,-1.898087,-2.509828
1147.734375,-0.706880,-1.813781,-2.616196
1157.718750,-1.117032,-1.735400,-2.594477
1167.703125,-1.491771,-1.674901,-2.495054
1177.687500,-1.859715,-1.628291,-2.361235
1187.671875,-2.234711,-1.611201,-2.218441
1197.656250,-2.572031,-1.626041,-2.074019
1207.671875,-2.827796,-1.669929,-1.963440
1217.671875,-2.982252,-1.718190,-1.958721
1227.656250,-3.006639,-1.758961,-2.056935
1237.625000,-2.905370,-1.816216,-2.233996
1247.578125,-2.770314,-1.902552,-2.480844
1257.578125,-2.735444,-1.972406,-2.744371
1267.593750,-2.820651,-1.975080,-2.931494
1277.562500,-2.925954,-1.885730,-2.958931
