0.000000,5.221642,-1.789559,-0.496980
10.820312,5.495053,-1.722921,-0.964975
19.699219,5.495798,-1.693684,-1.090078
28.578125,5.308468,-1.548957,-1.183898
38.570312,5.015451,-1.281109,-1.405070
48.558594,4.919485,-1.155862,-1.800571
58.539062,4.820119,-1.057044,-2.271145
68.519531,4.715636,-0.967661,-2.634252
78.445312,4.669637,-0.874234,-2.811360
88.316406,4.691100,-0.802770,-2.872482
98.347656,4.709988,-0.793247,-2.880717
108.531250,4.635314,-0.791479,-2.826643
118.601562,4.470058,-0.716598,-2.693966
128.539062,4.320735,-0.631277,-2.567839
138.500000,4.159247,-0.635662,-2.611412
148.480469,3.889753,-0.737581,-2.916807
158.457031,3.571311,-0.871770,-3.381822
168.441406,3.277316,-0.950961,-3.751446
178.390625,3.021435,-0.925039,-3.851061
188.308594,2.803236,-0.815604,-3.724656
198.328125,2.640955,-0.716507,-3.567799
208.449219,2.546401,-0.671457,-3.562302
218.566406,2.466215,-0.628640,-3.716063
228.574219,2.374091,-0.579146,-3.871278
238.464844,2.278291,-0.592890,-3.906785
248.472656,2.136545,-0.683622,-3.829089
258.605469,1.911428,-0.823046,-3.693523
268.648438,1.583263,-1.012956,-3.560345
278.609375,1.128256,-1.230251,-3.471842
288.589844,0.628820,-1.383433,-3.386762
298.585938,0.228522,-1.452609,-3.225465
309.007812,-0.080481,-1.496576,-2.997752
319.847656,-0.376531,-1.544085,-2.757266
329.839844,-0.684139,-1.619500,-2.552923
338.976562,-1.009951,-1.713774,-2.455509
348.554688,-1.381296,-1.748816,-2.474632
358.566406,-1.740282,-1.680552,-2.579532
368.542969,-2.022972,-1.548445,-2.694044
378.496094,-2.276426,-1.446933,-2.685486
388.464844,-2.525709,-1.471074,-2.528750
398.457031,-2.743050,-1.641908,-2.394186
408.445312,-2.951571,-1.874348,-2.378709
418.437500,-3.244275,-2.027901,-2.370876
428.429688,-3.593287,-2.048849,-2.283611
438.429688,-3.898656,-1.990105,-2.180372
448.414062,-4.139821,-1.892861,-2.160542
458.382812,-4.336869,-1.775316,-2.201151
468.355469,-4.507247,-1.695401,-2.155212
478.324219,-4.652560,-1.666992,-1.945312
488.296875,-4.765973,-1.678486,-1.592269
498.281250,-4.877733,-1.741257,-1.085663
508.273438,-5.001987,-1.814528,-0.491206
518.285156,-5.110471,-1.821888,-0.011935
528.277344,-5.147269,-1.797171,0.153709
538.261719,-5.029492,-1.830009,0.062900
548.234375,-4.744310,-1.901771,-0.034890
558.203125,-4.443448,-1.928258,-0.032665
568.191406,-4.231319,-1.887120,0.140114
578.187500,-4.014591,-1.786279,0.611684
588.183594,-3.679049,-1.630494,1.336633
598.171875,-3.185948,-1.476795,2.085897
608.164062,-2.639421,-1.339963,2.674134
618.152344,-2.206889,-1.217418,3.029265
628.257812,-1.960777,-1.148869,3.126357
638.476562,-1.834874,-1.129820,3.069590
648.460938,-1.645793,-1.061265,3.029352
658.199219,-1.334805,-0.897580,3.078791
668.058594,-1.046517,-0.704584,3.124896
678.039062,-0.883864,-0.531986,3.067099
688.019531,-0.744313,-0.408500,3.008674
698.000000,-0.397469,-0.442510,3.035357
707.976562,0.253230,-0.629839,3.144170
718.000000,1.063730,-0.750191,3.353075
728.019531,1.801695,-0.631516,3.644637
737.988281,2.373929,-0.360909,3.904672
747.960938,2.803638,-0.098455,4.019794
757.929688,3.085175,0.136927,4.068701
767.914062,3.267211,0.357446,4.239050
777.914062,3.493871,0.507976,4.529787
787.902344,3.791710,0.611318,4.716897
797.886719,4.057538,0.744112,4.554667
807.964844,4.248772,0.915587,3.965137
818.144531,4.371931,1.077845,3.119254
828.113281,4.384470,1.190198,2.311371
837.875000,4.234289,1.231010,1.743674
847.746094,3.927326,1.191737,1.425561
857.722656,3.523996,1.070666,1.269626
867.714844,3.129674,0.893334,1.199286
877.710938,2.818710,0.680154,1.114032
887.714844,2.579647,0.449833,0.861843
897.714844,2.341774,0.267643,0.355222
910.894531,2.067680,0.178591,-0.269180
924.074219,1.781403,0.150502,-0.760139
937.253906,1.529576,0.136811,-0.958965
948.843750,1.372049,0.091172,-0.905055
958.847656,1.315648,0.016281,-0.795582
968.843750,1.286438,-0.065237,-0.770952
978.843750,1.253086,-0.159913,-0.839579
988.828125,1.198987,-0.301143,-0.958470
998.796875,1.055387,-0.462939,-1.095525
1008.878906,0.768400,-0.589212,-1.225880
1019.070312,0.372860,-0.659333,-1.321046
1029.074219,-0.019886,-0.660795,-1.352528
1038.894531,-0.324512,-0.579898,-1.258039
1048.820312,-0.509891,-0.444820,-1.025409
1058.851562,-0.547702,-0.340891,-0.723864
1068.816406,-0.486270,-0.306347,-0.372296
1078.714844,-0.390888,-0.323306,0.020074
1088.664062,-0.313500,-0.359520,0.385140
1098.664062,-0.336757,-0.395119,0.689509
1108.695312,-0.497912,-0.433574,0.960850
1118.753906,-0.728464,-0.461532,1.146464
1128.812500,-0.942109,-0.459028,1.123999
1138.875000,-1.070666,-0.408603,0.897943
1148.730469,-1.058619,-0.321466,0.629664
1158.593750,-0.894613,-0.212673,0.498710
1168.734375,-0.623945,-0.102292,0.553086
1178.875000,-0.312622,-0.003385,0.715218
1188.863281,-0.017215,0.073750,0.857340
1198.855469,0.193456,0.120391,0.878956
1208.785156,0.248641,0.127263,0.777765
1218.656250,0.135914,0.084329,0.635230
1228.644531,-0.099134,0.009050,0.484925
1238.753906,-0.370128,-0.067613,0.287382
1248.808594,-0.562994,-0.121055,-0.006712
1258.808594,-0.646705,-0.133529,-0.372527
1268.796875,-0.660728,-0.118234,-0.751664
1278.781250,-0.620362,-0.110529,-1.070218
