0.000000,-1.472928,-0.864853,1.723799
9.968750,-1.329757,-0.923560,1.823214
19.968750,-1.165414,-0.963788,2.050161
29.968750,-1.001626,-0.973913,2.387172
39.953125,-0.869731,-0.955282,2.750192
49.937500,-0.723083,-0.949922,2.952289
59.937500,-0.557106,-1.011556,2.907251
69.921875,-0.417910,-1.125321,2.731385
79.906250,-0.294248,-1.218877,2.625899
89.890625,-0.164878,-1.226383,2.703361
99.875000,-0.034878,-1.133959,2.879937
109.875000,0.130973,-0.964934,2.989221
119.843750,0.371569,-0.778032,2.904567
129.828125,0.607082,-0.615206,2.656026
139.812500,0.799689,-0.513840,2.373999
149.781250,1.056634,-0.549474,2.138757
159.781250,1.445685,-0.697448,1.974572
169.765625,1.923645,-0.815260,1.980904
179.781250,2.433579,-0.848497,2.243946
189.796875,2.914952,-0.827652,2.647715
199.750000,3.279711,-0.749680,2.934896
209.734375,3.504198,-0.618608,2.945044
219.718750,3.584040,-0.447778,2.714127
229.718750,3.574659,-0.314293,2.276786
244.078125,3.556834,-0.314605,1.729660
258.406250,3.550105,-0.364356,1.347671
266.843750,3.841738,-0.534579,1.679674
276.828125,4.046743,-0.711530,2.106251
286.796875,4.034929,-0.846276,2.436199
296.781250,3.820994,-0.938418,2.579242
306.781250,3.552789,-0.963575,2.495006
316.750000,3.424441,-0.934011,2.200219
326.750000,3.615269,-0.967638,1.805889
336.718750,4.019266,-1.129111,1.422812
346.703125,4.328650,-1.379425,1.117948
356.718750,4.462068,-1.635543,0.913929
366.718750,4.495285,-1.809948,0.794255
376.718750,4.514223,-1.880742,0.748982
386.718750,4.617857,-1.869579,0.702311
396.671875,4.869573,-1.787622,0.538270
406.625000,5.260289,-1.710719,0.162988
416.625000,5.681900,-1.676540,-0.419961
426.640625,5.987736,-1.655015,-0.990020
436.656250,6.118032,-1.636480,-1.312545
446.656250,6.123452,-1.613503,-1.358557
456.625000,6.047451,-1.585736,-1.238780
466.578125,5.798623,-1.579667,-1.175487
476.578125,5.318865,-1.682465,-1.324810
486.578125,4.733547,-1.907455,-1.590929
496.546875,4.226769,-2.117444,-1.822758
506.546875,3.897633,-2.220628,-1.976585
516.515625,3.730609,-2.246165,-2.063672
526.500000,3.658464,-2.236156,-2.102227
536.500000,3.585401,-2.202672,-2.075498
546.484375,3.433200,-2.192119,-1.982213
556.468750,3.153085,-2.279187,-1.909114
566.437500,2.761158,-2.434358,-2.051615
576.437500,2.313589,-2.521175,-2.559279
586.453125,1.802853,-2.432598,-3.301655
596.437500,1.255781,-2.213548,-3.929402
606.421875,0.744862,-2.027868,-4.244746
616.437500,0.302584,-1.934725,-4.306754
626.421875,-0.062364,-1.872244,-4.217419
636.421875,-0.332369,-1.794270,-3.964005
646.437500,-0.536926,-1.717532,-3.499400
656.390625,-0.712155,-1.642037,-2.912515
666.375000,-0.867687,-1.576780,-2.379122
676.343750,-1.046047,-1.558494,-2.065307
686.328125,-1.240713,-1.558364,-2.083721
696.250000,-1.378747,-1.532432,-2.456667
706.156250,-1.417413,-1.460327,-3.043594
716.171875,-1.373173,-1.342885,-3.623461
726.328125,-1.305175,-1.181494,-4.070960
736.390625,-1.311285,-0.973038,-4.378160
746.359375,-1.400840,-0.792252,-4.580816
756.328125,-1.528251,-0.713165,-4.669751
766.328125,-1.712945,-0.674611,-4.657570
776.328125,-1.926779,-0.582590,-4.614789
786.343750,-2.081948,-0.484524,-4.522803
796.343750,-2.148298,-0.507013,-4.238850
806.312500,-2.139948,-0.695917,-3.732186
816.281250,-2.125834,-0.988629,-3.180625
826.250000,-2.229012,-1.257713,-2.784513
836.234375,-2.470799,-1.432429,-2.570221
846.265625,-2.768003,-1.533219,-2.423375
856.250000,-3.061287,-1.613524,-2.331397
866.203125,-3.328199,-1.693177,-2.262400
876.156250,-3.516433,-1.707120,-2.022559
886.093750,-3.515727,-1.617745,-1.511096
896.359375,-3.304688,-1.481006,-0.799395
906.609375,-3.025303,-1.320257,-0.008663
916.015625,-2.894092,-1.237889,0.355161
925.421875,-2.659697,-1.124073,0.904342
937.218750,-2.517179,-0.954020,1.187630
949.000000,-2.551579,-0.778036,1.059562
960.171875,-2.560433,-0.629519,0.509205
968.890625,-2.493600,-0.570028,0.244238
978.875000,-2.243464,-0.458757,0.642361
988.890625,-1.792191,-0.366947,1.956242
998.953125,-1.394220,-0.275838,3.577052
1008.937500,-1.258865,-0.194336,4.626205
1018.843750,-1.335020,-0.191584,4.821328
1028.781250,-1.542772,-0.231953,4.477043
1038.781250,-1.769402,-0.272909,4.015105
1048.750000,-1.890849,-0.347779,3.668461
1058.765625,-1.914656,-0.463894,3.459436
1069.515625,-1.856117,-0.580219,3.379443
1081.046875,-1.624485,-0.705779,3.492650
1091.031250,-1.195681,-0.872304,3.714792
1099.484375,-0.730182,-0.966631,3.867771
1108.687500,-0.239142,-0.836048,3.901507
1118.687500,0.350470,-0.557975,3.899730
1128.671875,1.014130,-0.313059,3.943001
1138.687500,1.696970,-0.178639,3.979949
1148.687500,2.284918,-0.145543,3.853815
1158.671875,1.305131,0.263263,0.179482
1168.687500,1.174444,0.260603,0.250237
1178.687500,1.065418,0.324850,0.193078
1188.671875,1.000031,0.446852,0.060763
1198.687500,1.002651,0.569794,-0.079641
1208.781250,1.010767,0.670264,-0.203014
1218.859375,0.969657,0.757899,-0.316588
1229.421875,0.857714,0.815912,-0.418044
1239.968750,0.712639,0.808870,-0.493100
1249.484375,0.661857,0.775296,-0.507291
1258.968750,0.613672,0.684754,-0.510641
1268.953125,0.635059,0.628830,-0.472053
1278.937500,0.674985,0.653523,-0.332986
