0.000000,-2.617490,-0.819665,1.732993
9.979980,-2.537412,-1.015464,1.804297
19.919922,-2.545125,-1.249874,1.844740
29.860352,-2.592723,-1.418844,2.018317
39.859863,-2.569177,-1.414686,2.428038
49.859863,-2.365033,-1.192156,2.990132
59.880371,-1.925071,-0.830565,3.508192
69.899902,-1.283620,-0.485254,3.869522
79.890137,-0.563983,-0.254509,4.105153
89.879883,0.068703,-0.174645,4.294089
99.810059,0.505240,-0.273255,4.455638
109.740234,0.719878,-0.500261,4.636771
119.709961,0.799874,-0.715141,4.860638
129.680176,0.868607,-0.828609,4.960063
139.680176,0.967264,-0.851702,4.712718
149.679688,1.125818,-0.830991,4.069657
159.780273,1.405522,-0.789288,3.209171
169.979980,1.836931,-0.767288,2.453209
180.180176,2.341518,-0.794783,2.110362
190.469727,2.799783,-0.857719,2.256575
200.760254,3.154651,-0.930107,2.614927
210.009766,3.268884,-0.957100,2.734854
219.260254,3.351491,-0.950151,2.655894
229.229980,3.369864,-0.851715,1.759688
239.200195,3.492929,-0.709924,1.048142
249.170410,3.767362,-0.412378,0.544875
259.620117,4.212472,-0.091424,0.278134
270.069824,4.668046,0.076511,0.146489
280.520020,4.905693,0.024118,-0.001863
290.969727,4.839560,-0.223251,-0.196341
301.035156,4.558597,-0.516118,-0.310389
310.715332,4.285865,-0.699427,-0.251225
320.560059,4.204598,-0.731101,-0.077620
330.569824,4.297299,-0.637939,0.084762
340.660156,4.524628,-0.511716,0.130877
350.830078,4.796482,-0.453797,-0.016005
360.814941,4.991776,-0.476830,-0.364644
370.615234,5.159947,-0.537839,-0.814592
380.509766,5.323083,-0.636469,-1.162052
390.500000,5.378928,-0.782670,-1.225513
400.520020,5.248487,-0.936995,-0.988738
410.569824,4.943393,-1.075374,-0.606587
420.620117,4.575776,-1.214329,-0.309343
430.669922,4.295162,-1.316477,-0.240103
440.720215,4.171004,-1.350146,-0.386992
450.745117,4.161578,-1.410533,-0.645245
460.745117,4.107002,-1.573241,-0.962327
470.744629,3.901187,-1.793414,-1.332530
480.745117,3.622399,-2.019302,-1.682814
490.745117,3.327568,-2.199349,-1.927603
500.854980,3.024271,-2.279205,-2.067808
510.964844,2.795931,-2.274170,-2.169707
520.960449,2.629385,-2.225076,-2.250040
530.839844,2.442814,-2.167814,-2.292091
540.845215,2.241619,-2.197266,-2.393964
550.975098,2.007005,-2.359581,-2.654307
561.029785,1.702575,-2.559613,-2.955043
571.010254,1.367644,-2.707664,-3.084846
581.004883,1.047662,-2.778620,-3.015684
591.015137,0.704322,-2.759039,-2.927009
601.009766,0.326182,-2.712729,-2.996311
610.989746,-0.059296,-2.736806,-3.318410
620.975098,-0.456288,-2.805729,-3.879508
630.964844,-0.888573,-2.808941,-4.456357
640.940430,-1.359722,-2.643486,-4.736272
650.900391,-1.759710,-2.350297,-4.602911
660.880371,-2.029306,-2.110785,-4.154569
670.879883,-2.286346,-2.080210,-3.627205
680.870117,-2.594016,-2.246647,-3.251253
690.850098,-2.933754,-2.451776,-3.109159
700.834961,-3.306761,-2.555882,-3.179277
710.825195,-3.707654,-2.534473,-3.412755
720.819824,-4.061129,-2.398458,-3.797162
730.819824,-4.230725,-2.213881,-4.308249
742.675293,-4.117124,-2.107115,-4.737281
756.385254,-3.822006,-2.109143,-4.720653
770.094727,-3.459962,-2.223487,-3.952798
780.895020,-3.217933,-2.343261,-2.595890
792.729980,-3.197501,-2.503654,-1.141081
801.760254,-3.519624,-2.584922,-0.181398
811.929688,-4.329913,-2.427877,-0.097831
821.375488,-4.780965,-2.212221,-0.644244
830.095215,-5.026483,-2.088266,-1.205566
839.619629,-5.153025,-2.112972,-1.480368
849.950195,-5.252284,-2.205825,-1.279611
859.935059,-5.197796,-2.295327,-0.597911
869.574707,-4.889991,-2.333096,0.317497
879.214844,-4.442667,-2.231655,1.155960
889.205078,-3.984099,-1.962392,1.799628
899.195312,-3.569377,-1.564717,2.351438
909.175293,-3.213042,-1.125086,2.953062
919.154785,-2.896912,-0.779289,3.516366
929.134766,-2.660760,-0.627323,3.848744
939.115234,-2.585166,-0.671696,3.971212
949.115234,-2.617005,-0.878619,4.020185
959.115234,-2.621637,-1.170546,4.175273
969.094727,-2.457741,-1.398676,4.583806
979.074707,-2.056231,-1.476190,5.195420
989.064941,-1.439509,-1.444604,5.771391
999.055176,-0.680308,-1.321008,6.102664
1009.045410,0.130433,-1.100663,6.140660
1019.034668,1.052209,-0.829664,5.923345
1029.015137,2.166283,-0.553367,5.540584
1038.984863,3.354991,-0.276106,5.101772
1048.964844,4.402193,-0.006849,4.702063
1058.955078,5.131070,0.233939,4.408898
1068.955078,5.496578,0.450039,4.258005
1078.964844,5.561475,0.658426,4.276167
1088.975098,5.431848,0.842449,4.392777
1098.995117,5.184704,1.032150,4.391315
1109.015137,4.881970,1.242480,4.057706
1118.955078,4.579462,1.381907,3.351814
1128.895020,4.271317,1.367542,2.413612
1138.884766,3.915730,1.219730,1.443428
1148.875000,3.485196,1.027886,0.590401
1158.834961,3.002614,0.872310,-0.065793
1168.794922,2.529309,0.767648,-0.521126
1178.785156,2.129419,0.679588,-0.811221
1188.775391,1.783113,0.608854,-0.986139
1198.744629,1.421320,0.560865,-1.072260
1208.714844,1.064997,0.507435,-1.084167
1218.725098,0.764093,0.392568,-1.063819
1228.735352,0.473161,0.189199,-1.016006
1238.725098,0.138877,-0.044343,-0.889213
1248.714844,-0.248433,-0.233328,-0.697688
1258.705078,-0.587286,-0.361448,-0.529915
1268.695312,-0.743652,-0.425576,-0.510257
1278.695312,-0.707450,-0.407687,-0.660206
