0.000000,0.203673,-0.214104,0.171118
9.970703,0.114878,-0.214013,0.091182
19.957031,0.056406,-0.192258,0.024553
29.955078,0.029999,-0.168263,-0.061125
39.955078,-0.001268,-0.149861,-0.198173
49.951172,-0.065296,-0.151110,-0.393768
59.941406,-0.196873,-0.198082,-0.629983
70.019531,-0.448328,-0.269747,-0.892514
80.189453,-0.772030,-0.350468,-1.138311
90.375000,-1.061939,-0.437501,-1.305227
100.576172,-1.293435,-0.490591,-1.296275
110.775391,-1.470217,-0.544079,-1.069437
120.976562,-1.593906,-0.666955,-0.728733
130.976562,-1.725873,-0.864914,-0.424897
140.974609,-1.932859,-1.091416,-0.248875
150.974609,-2.295206,-1.262136,-0.207907
160.976562,-2.794921,-1.341728,-0.284144
170.976562,-3.335958,-1.365513,-0.424995
181.015625,-3.785786,-1.374683,-0.555051
191.056641,-4.029627,-1.406147,-0.565183
201.095703,-4.049170,-1.484549,-0.351041
211.076172,-3.879700,-1.597216,0.107868
220.996094,-3.619566,-1.662621,0.714530
231.365234,-3.377959,-1.653744,1.332312
242.185547,-3.217487,-1.617250,1.849928
252.205078,-3.101863,-1.580753,2.173371
261.425781,-2.940705,-1.552151,2.303157
271.035156,-2.727874,-1.529131,2.358732
281.035156,-2.477244,-1.518802,2.479431
292.560547,-2.165854,-1.519189,2.730996
305.611328,-1.778769,-1.499676,3.107553
315.595703,-1.367050,-1.479010,3.582383
325.974609,-1.063206,-1.480286,4.117591
336.355469,-0.722519,-1.375904,4.814395
344.816406,-0.429021,-1.194516,4.719485
354.814453,0.093391,-0.997262,4.473502
364.814453,0.893957,-0.882259,4.283100
374.816406,1.836199,-0.846045,4.248752
384.804688,2.666520,-0.811249,4.376678
394.785156,3.152903,-0.745033,4.558323
404.845703,3.267254,-0.685954,4.561187
414.984375,3.172630,-0.616158,4.246468
424.984375,3.112891,-0.503432,3.644205
434.845703,3.224325,-0.424961,2.853200
444.775391,3.430092,-0.448155,2.097128
454.775391,3.668030,-0.532955,1.647448
464.775391,3.940134,-0.618639,1.552822
474.634766,4.161903,-0.698319,1.567543
484.496094,4.220364,-0.798961,1.454655
494.615234,4.136866,-0.890353,1.214633
504.736328,4.012307,-0.951219,0.870733
514.744141,3.953882,-0.964207,0.413401
524.755859,4.094068,-0.914452,-0.067837
534.857422,4.491087,-0.817961,-0.434305
544.955078,5.020494,-0.686940,-0.608259
554.785156,5.447257,-0.589206,-0.640214
564.615234,5.674325,-0.614306,-0.626675
574.617188,5.789497,-0.736465,-0.591158
584.615234,5.818353,-0.851053,-0.539455
594.615234,5.732378,-0.964808,-0.535046
604.576172,5.533563,-1.069601,-0.736945
614.494141,5.224618,-1.100761,-1.214935
626.775391,4.830192,-1.137437,-1.826684
641.416016,4.379560,-1.335871,-2.350531
651.470703,3.881425,-1.595300,-2.685492
659.675781,3.364120,-1.739877,-2.872627
670.041016,2.576307,-1.943550,-2.961318
679.830078,2.312704,-2.069282,-3.100258
689.781250,2.035249,-2.173340,-3.370576
699.890625,1.746384,-2.243393,-3.650288
710.001953,1.480298,-2.288975,-3.865506
720.480469,1.262142,-2.311688,-4.053116
731.332031,1.128563,-2.289791,-4.244106
741.160156,1.040697,-2.160940,-4.431105
749.970703,0.900767,-1.954441,-4.545743
758.781250,0.593540,-1.840043,-4.505733
769.271484,0.038533,-1.903599,-4.352146
779.759766,-0.659496,-2.079566,-4.212580
789.171875,-0.980633,-2.162318,-4.162623
798.582031,-1.455065,-2.252291,-4.059339
808.560547,-1.678297,-2.223239,-3.696579
818.541016,-1.638710,-2.167150,-3.332573
828.521484,-1.594380,-2.093232,-3.000956
838.501953,-1.721405,-1.946385,-2.860456
848.480469,-2.023272,-1.712442,-2.976919
858.460938,-2.262540,-1.514836,-3.229579
868.451172,-2.352768,-1.476275,-3.391816
878.441406,-2.386127,-1.609129,-3.396981
888.431641,-2.419210,-1.811946,-3.361961
898.421875,-2.478715,-1.972387,-3.350044
908.419922,-2.635218,-2.038214,-3.265629
918.419922,-2.960283,-1.964834,-3.019972
930.371094,-3.332331,-1.734104,-2.683582
942.320312,-3.536658,-1.505990,-2.359175
950.910156,-3.562912,-1.471769,-2.189939
959.501953,-3.531278,-1.625373,-1.757962
968.919922,-3.569963,-1.974008,-1.180583
978.339844,-3.745067,-2.347780,-0.510735
988.320312,-4.173272,-2.650597,0.573748
998.300781,-4.410034,-2.611493,1.259784
1008.400391,-4.536486,-2.405918,1.752795
1018.500000,-4.561001,-2.132214,1.948834
1028.441406,-4.460264,-1.956188,1.855041
1038.378906,-4.239702,-1.904507,1.601516
1048.320312,-3.907869,-1.821749,1.400313
1058.189453,-3.490573,-1.627017,1.365521
1068.060547,-3.056728,-1.367972,1.486851
1078.169922,-2.638596,-1.061942,1.759295
1088.281250,-2.218313,-0.726905,2.207360
1098.261719,-1.813126,-0.466071,2.801198
1108.240234,-1.470506,-0.406609,3.398920
1118.250000,-1.289181,-0.580047,3.834121
1128.259766,-1.327585,-0.866719,4.067880
1138.230469,-1.510707,-1.076437,4.184751
1148.199219,-1.716894,-1.106178,4.270209
1158.199219,-1.854448,-0.986468,4.313354
1168.201172,-1.910230,-0.794381,4.211938
1178.201172,-1.904429,-0.660978,3.865765
1188.089844,-1.832059,-0.700375,3.301785
1197.980469,-1.732443,-0.859818,2.739876
1207.916016,-1.619167,-1.002170,2.421785
1217.894531,-1.330340,-1.042060,2.437204
1228.019531,-0.753082,-0.985142,2.663904
1238.291016,-0.000704,-0.867860,2.899235
1248.560547,0.788213,-0.710224,3.021109
1258.441406,1.516495,-0.543426,2.985094
1268.320312,2.049227,-0.401730,2.766372
1278.281250,2.353351,-0.299174,2.409583
