0.000000,-0.426463,-0.804182,2.454826
9.968750,-0.261616,-0.802865,2.809011
19.937500,-0.153990,-0.831517,2.978455
29.953125,-0.078997,-0.833981,2.983430
39.937500,0.086223,-0.784873,2.901711
49.921875,0.382870,-0.699744,2.786002
59.906250,0.757855,-0.614261,2.730812
69.890625,1.161905,-0.574968,2.805593
79.890625,1.574559,-0.595115,3.008051
89.890625,1.947678,-0.687817,3.235513
99.875000,2.208156,-0.848667,3.388832
109.843750,2.315533,-1.015719,3.446646
119.828125,2.348210,-1.122539,3.385240
129.812500,2.359934,-1.164224,3.160501
139.796875,2.331319,-1.156448,2.804798
149.796875,2.283162,-1.068380,2.483424
159.828125,2.328093,-0.921783,2.269482
169.859375,2.543392,-0.844768,2.063598
179.859375,2.802867,-0.899557,1.870490
189.812500,2.964145,-1.056593,1.752501
199.781250,3.019209,-1.250816,1.705073
209.750000,2.982882,-1.369792,1.662685
219.734375,2.901167,-1.393983,1.534651
229.718750,2.847867,-1.389376,1.298491
239.703125,2.858127,-1.386873,0.991438
249.703125,2.976552,-1.385453,0.678241
259.703125,3.159320,-1.360922,0.339700
269.703125,3.258262,-1.306147,-0.070114
279.687500,3.203539,-1.246643,-0.523045
289.687500,3.031362,-1.187463,-0.966960
299.656250,2.813510,-1.101467,-1.325626
309.640625,2.611006,-0.986239,-1.565774
319.625000,2.461265,-0.844359,-1.733057
329.609375,2.398427,-0.666849,-1.902022
339.593750,2.441711,-0.519009,-2.124751
349.578125,2.561801,-0.473614,-2.392237
361.687500,2.690454,-0.524946,-2.600787
375.937500,2.766206,-0.645985,-2.672540
385.921875,2.721861,-0.724048,-2.638915
394.515625,2.578830,-0.696764,-2.537347
404.515625,2.422748,-0.596212,-2.313070
414.515625,2.418885,-0.509703,-2.169543
424.484375,2.461320,-0.420099,-2.132246
434.468750,2.502249,-0.326595,-2.232258
444.468750,2.505577,-0.224687,-2.385721
454.453125,2.487844,-0.138854,-2.497050
464.453125,2.460063,-0.083995,-2.505009
474.453125,2.352165,-0.049917,-2.420111
484.437500,2.089467,-0.096263,-2.380014
494.421875,1.723201,-0.180935,-2.431833
504.406250,1.406991,-0.141516,-2.472481
514.390625,1.235964,-0.044301,-2.504587
524.390625,1.138731,-0.047975,-2.551410
534.375000,0.991131,-0.117096,-2.590828
544.359375,0.820059,-0.175640,-2.629462
554.328125,0.702095,-0.194249,-2.660365
564.390625,0.668686,-0.130010,-2.665605
574.453125,0.719769,0.014031,-2.683379
584.375000,0.784662,0.125846,-2.733927
594.296875,0.780182,0.122075,-2.827881
604.265625,0.733962,0.019199,-2.973510
614.250000,0.697805,-0.096801,-3.096745
628.578125,0.637535,-0.141943,-3.116920
642.890625,0.517729,-0.153046,-3.004021
651.343750,0.292975,-0.375070,-2.740795
664.140625,-0.132860,-0.943542,-2.716139
674.109375,-0.608347,-1.350862,-2.791124
684.109375,-1.116958,-1.638784,-2.719427
694.093750,-1.516425,-1.791083,-2.431540
704.062500,-1.770335,-1.832144,-2.036891
714.031250,-1.958137,-1.772967,-1.646714
724.015625,-2.127810,-1.643990,-1.278515
734.015625,-2.295045,-1.518975,-0.992074
744.031250,-2.478729,-1.473799,-0.905445
754.031250,-2.684438,-1.481468,-0.925435
764.000000,-2.786915,-1.487510,-0.762775
773.984375,-2.671203,-1.503717,-0.352065
783.968750,-2.549313,-1.521941,-0.024595
793.968750,-2.637958,-1.550601,-0.067944
808.656250,-2.889389,-1.624295,-0.422229
823.343750,-3.167687,-1.678334,-0.872818
831.625000,-3.348241,-1.573474,-1.390727
842.171875,-3.213789,-1.406941,-1.428247
852.234375,-2.653493,-1.168623,-0.614577
862.203125,-2.227800,-1.103910,0.122128
872.109375,-1.991328,-1.142369,0.548808
882.062500,-2.055031,-1.199316,0.678306
892.062500,-2.311313,-1.189889,0.734437
902.031250,-2.562849,-1.143131,0.829798
912.000000,-2.677786,-1.111428,0.964259
921.968750,-2.598420,-1.086493,1.105251
931.968750,-2.330382,-1.065191,1.265942
941.968750,-1.917084,-1.044357,1.534269
951.953125,-1.487086,-1.001370,1.964542
961.953125,-1.148359,-0.925336,2.441822
971.937500,-0.900695,-0.901841,2.779119
981.937500,-0.750948,-0.934561,3.001149
991.921875,-0.707596,-0.914526,3.260635
1001.906250,-0.707467,-0.859070,3.517940
1011.890625,-0.687485,-0.866972,3.647424
1021.890625,-0.608123,-0.962787,3.640606
1032.109375,-0.440401,-1.079054,3.521181
1042.328125,-0.204877,-1.140919,3.336922
1052.078125,0.067686,-1.097708,3.192045
1061.812500,0.367545,-0.972867,3.172780
1071.796875,0.643759,-0.881356,3.258936
1081.796875,0.814172,-0.897236,3.392096
1091.781250,0.900054,-0.950050,3.535203
1101.765625,1.051293,-0.972793,3.588712
1111.734375,1.278340,-0.978344,3.414786
1121.703125,1.476747,-0.955384,3.015596
1131.703125,1.672471,-0.926650,2.477350
1141.703125,1.951715,-0.899313,1.934399
1151.687500,2.297998,-0.794203,1.580804
1161.671875,2.645799,-0.580750,1.471821
1171.750000,2.989559,-0.320370,1.505883
1181.843750,3.300000,-0.127036,1.539467
1191.734375,3.479911,-0.033419,1.466112
1201.609375,3.500005,0.000053,1.268977
1211.609375,3.416544,-0.019301,0.988583
1221.609375,3.276298,-0.077106,0.683377
1231.593750,3.134263,-0.118515,0.356791
1241.578125,3.040308,-0.090803,-0.011624
1251.562500,2.970008,0.007006,-0.393166
1261.531250,2.842679,0.154663,-0.726751
1271.500000,2.640868,0.333079,-0.989665
1281.468750,2.390555,0.485094,-1.216690
1293.171875,2.129869,0.535923,-1.433018
