0.000000,-2.501513,-1.988703,2.908253
9.976562,-2.735155,-2.099790,3.240155
22.765625,-2.695302,-2.152490,3.360546
35.562500,-2.428887,-2.159087,3.411970
46.328125,-1.798418,-2.041389,3.872742
57.093750,-1.328581,-1.918728,4.484151
65.679688,-0.938781,-1.797699,5.086509
75.671875,-0.669509,-1.750974,5.403870
85.664062,-0.675139,-1.763455,5.223404
95.648438,-0.679702,-1.721890,4.878060
105.640625,-0.550178,-1.675362,4.519944
115.632812,-0.259133,-1.667071,4.258952
125.625000,0.112507,-1.674777,4.056652
135.625000,0.523449,-1.654182,3.901140
145.625000,1.005464,-1.600898,3.834327
155.632812,1.533668,-1.559132,3.760608
165.625000,1.985279,-1.505878,3.583401
175.609375,2.286092,-1.390665,3.365229
185.601562,2.513493,-1.244650,3.176874
198.632812,2.795228,-1.182193,3.063393
211.664062,3.149358,-1.235088,3.011869
220.492188,3.559165,-1.221717,2.764073
229.335938,3.806101,-1.086838,2.418481
240.226562,4.632950,-0.822991,1.586953
250.250000,4.995780,-0.751189,1.207237
260.210938,5.107825,-0.661971,0.829679
270.093750,5.102415,-0.611449,0.426035
280.031250,5.126108,-0.607117,-0.022941
290.031250,5.136973,-0.622798,-0.516463
300.015625,5.063942,-0.659417,-0.972899
310.007812,4.913706,-0.688932,-1.244233
320.007812,4.805060,-0.678294,-1.260430
330.015625,4.795286,-0.640065,-1.174109
340.062500,4.780566,-0.603284,-1.174336
350.156250,4.682152,-0.569142,-1.310398
360.140625,4.497885,-0.545712,-1.548296
370.039062,4.245580,-0.553700,-1.862828
379.968750,3.962965,-0.584617,-2.246122
389.953125,3.672788,-0.608728,-2.640967
399.921875,3.370068,-0.642511,-2.919135
409.890625,3.138416,-0.662579,-2.926754
419.882812,3.098910,-0.596264,-2.737659
429.867188,3.189897,-0.439289,-2.587720
439.859375,3.227703,-0.251128,-2.573065
449.843750,3.147689,-0.101987,-2.661567
459.843750,2.982485,-0.075229,-2.795796
469.843750,2.775923,-0.176068,-2.949767
479.843750,2.568747,-0.311134,-3.148068
489.843750,2.372219,-0.396504,-3.357062
499.843750,2.187478,-0.430899,-3.521300
509.703125,2.015203,-0.490237,-3.635304
519.562500,1.786747,-0.565327,-3.727214
529.695312,1.534133,-0.621085,-3.830193
539.820312,1.385067,-0.656343,-3.861411
549.820312,1.311192,-0.616749,-3.687876
559.820312,1.223989,-0.530808,-3.283679
569.851562,1.034702,-0.516329,-2.806734
579.882812,0.667787,-0.634471,-2.514026
589.812500,0.136945,-0.841646,-2.556896
599.742188,-0.417160,-1.084613,-2.885418
609.703125,-0.882210,-1.329129,-3.287242
619.687500,-1.274485,-1.557349,-3.518226
629.671875,-1.603788,-1.797786,-3.480765
639.640625,-1.850553,-2.061387,-3.240513
649.609375,-2.023540,-2.302753,-2.957975
659.593750,-2.080282,-2.435520,-2.775051
669.578125,-1.971498,-2.381097,-2.700748
679.570312,-1.739947,-2.172118,-2.573545
689.546875,-1.535217,-1.950137,-2.125885
699.531250,-1.504725,-1.829809,-1.211736
709.523438,-1.752918,-1.858268,-0.075418
719.507812,-2.398060,-2.047004,0.741027
729.492188,-3.425405,-2.394185,0.870759
739.468750,-4.632043,-2.846924,0.375277
749.445312,-5.745425,-3.201559,-0.338397
759.437500,-6.482438,-3.282193,-0.875659
769.421875,-6.697468,-3.118000,-1.156340
779.421875,-6.427572,-2.826534,-1.267859
789.406250,-5.865896,-2.503944,-1.192402
799.421875,-5.206819,-2.189713,-0.841529
809.453125,-4.556217,-1.895591,-0.244335
819.398438,-3.991350,-1.665007,0.365020
829.351562,-3.601743,-1.520552,0.788186
839.328125,-3.409203,-1.426045,1.007771
849.304688,-3.295868,-1.415633,1.135569
859.289062,-3.225239,-1.481710,1.345199
869.265625,-3.218960,-1.565337,1.734221
879.250000,-3.265788,-1.638599,2.279844
889.250000,-3.389435,-1.666854,2.799165
899.250000,-3.506670,-1.659563,3.094220
909.242188,-3.382353,-1.669259,3.112319
919.250000,-2.945405,-1.687222,2.943435
929.257812,-2.339637,-1.624729,2.773999
939.265625,-1.676169,-1.417600,2.734509
949.242188,-1.051577,-1.084532,2.800377
959.210938,-0.516216,-0.709989,2.908127
969.179688,-0.047741,-0.427206,3.026158
979.156250,0.230202,-0.328885,3.117193
989.132812,0.240814,-0.460047,3.146044
999.101562,0.177685,-0.784886,3.041374
1009.078125,0.188078,-1.092447,2.841600
1019.062500,0.361452,-1.192619,2.722547
1029.046875,0.801396,-1.075892,2.785743
1041.523438,1.451530,-0.799469,2.981759
1056.484375,2.157911,-0.458901,3.159435
1066.468750,2.729857,-0.225127,3.225159
1078.953125,3.103832,-0.210755,3.091976
1088.929688,3.142045,-0.205025,2.907007
1098.921875,3.191458,-0.179199,2.619742
1108.921875,3.270952,-0.101090,2.276669
1118.906250,3.394598,0.054765,1.895567
1128.882812,3.534425,0.272033,1.477536
1138.859375,3.589450,0.491755,1.036874
1148.843750,3.484146,0.609781,0.634610
1158.835938,3.189885,0.604574,0.370117
1168.828125,2.812348,0.506091,0.243433
1178.812500,2.482149,0.342189,0.157615
1188.789062,2.251394,0.184133,0.040826
1198.765625,2.099503,0.085793,-0.065061
1208.734375,1.951195,0.047710,-0.090601
1218.734375,1.748684,0.044303,-0.060957
1228.734375,1.501343,0.037757,-0.098274
1238.734375,1.238167,0.013798,-0.237351
1248.710938,0.983875,-0.024871,-0.359740
1258.742188,0.779005,-0.056629,-0.364827
1268.812500,0.668765,-0.049334,-0.270432
1278.796875,0.646916,-0.015092,-0.178228
1288.710938,0.657817,0.008882,-0.181599
