0.000000,-1.520215,-1.117793,3.190255
10.210938,-1.458941,-1.326969,3.427642
20.187500,-1.387854,-1.488811,3.378519
29.945312,-1.216646,-1.536982,3.197032
39.820312,-0.895993,-1.471870,2.992010
49.828125,-0.496483,-1.320475,2.790911
59.812500,-0.091021,-1.138933,2.658406
69.796875,0.320455,-0.999066,2.651947
79.773438,0.719809,-0.936247,2.788272
89.750000,1.110761,-0.959368,3.011008
99.726562,1.442826,-1.012419,3.171985
109.718750,1.672740,-1.037724,3.117056
119.703125,1.845578,-1.067320,2.852816
129.703125,1.982754,-1.128337,2.544981
139.718750,2.106785,-1.183632,2.336161
149.734375,2.249257,-1.212201,2.266982
159.750000,2.402867,-1.233994,2.313545
169.757812,2.533491,-1.252153,2.452060
179.726562,2.661840,-1.247854,2.604856
189.648438,2.855316,-1.225050,2.597277
199.609375,3.083800,-1.195271,2.269699
209.617188,3.292080,-1.144886,1.675680
219.617188,3.504283,-1.055639,0.976049
229.625000,3.764385,-0.934477,0.304645
239.640625,4.059718,-0.825025,-0.281761
249.671875,4.303162,-0.752066,-0.680813
259.695312,4.418681,-0.671442,-0.771836
269.507812,4.412290,-0.547336,-0.617126
279.312500,4.370193,-0.403548,-0.411771
289.468750,4.334957,-0.292568,-0.369056
299.625000,4.249162,-0.240759,-0.551921
309.664062,4.077208,-0.228079,-0.879399
319.718750,3.887749,-0.268893,-1.286623
329.609375,3.766735,-0.334875,-1.709638
339.500000,3.745733,-0.313707,-2.062168
349.476562,3.824917,-0.236938,-2.332023
359.460938,3.889649,-0.210967,-2.508630
369.859375,3.789486,-0.202306,-2.580927
380.257812,3.539370,-0.211153,-2.630768
389.843750,3.242613,-0.259856,-2.729806
399.421875,2.999892,-0.317668,-2.833066
409.437500,2.892632,-0.370987,-2.866218
419.453125,2.906702,-0.432012,-2.830068
433.250000,2.958978,-0.532371,-2.790088
447.039062,2.971833,-0.649281,-2.835361
460.828125,2.911499,-0.739880,-2.970397
474.617188,2.766491,-0.799353,-3.108619
486.570312,2.417379,-0.815992,-3.250041
495.601562,2.148931,-0.811567,-3.323889
505.695312,1.869259,-0.826201,-3.300010
515.750000,1.622665,-0.890342,-3.097283
525.773438,1.390283,-1.034329,-2.736728
535.757812,1.102226,-1.229509,-2.309499
545.718750,0.772896,-1.429508,-1.928675
555.695312,0.428715,-1.582708,-1.684747
565.703125,0.077813,-1.662681,-1.591546
575.695312,-0.252014,-1.722299,-1.677705
585.687500,-0.559009,-1.790806,-1.971732
595.671875,-0.880153,-1.848845,-2.422343
605.617188,-1.248541,-1.874448,-2.927536
615.523438,-1.638183,-1.825962,-3.371230
625.523438,-1.961303,-1.706408,-3.610159
635.648438,-2.131496,-1.589826,-3.515654
645.695312,-2.111365,-1.531499,-3.065807
655.664062,-1.971214,-1.528267,-2.364889
665.656250,-1.785916,-1.556682,-1.657911
675.664062,-1.572695,-1.584540,-1.213570
685.656250,-1.383199,-1.600362,-1.112494
695.625000,-1.289893,-1.632228,-1.299977
705.601562,-1.328485,-1.648540,-1.706118
715.578125,-1.448031,-1.604323,-2.250746
725.585938,-1.560867,-1.535681,-2.797903
735.601562,-1.697611,-1.486677,-3.085232
745.593750,-1.890301,-1.453579,-2.797813
755.562500,-2.038207,-1.469222,-1.821709
765.546875,-2.137022,-1.564749,-0.463734
775.523438,-2.341764,-1.670040,0.748833
785.507812,-2.734261,-1.710361,1.473364
795.492188,-3.263716,-1.719822,1.578218
805.484375,-3.885162,-1.778856,1.067812
815.476562,-4.484413,-1.927085,0.136760
827.070312,-4.912196,-2.100450,-0.787038
840.289062,-5.110257,-2.109444,-1.202101
850.273438,-5.015603,-1.919970,-0.894385
860.406250,-4.638638,-1.666339,-0.039001
870.406250,-3.863119,-1.214191,1.302835
880.414062,-3.407946,-0.928469,1.761027
890.390625,-3.065896,-0.707443,1.789281
900.367188,-2.852636,-0.573308,1.487372
910.359375,-2.762508,-0.504078,1.095409
920.351562,-2.730672,-0.565873,0.854194
930.343750,-2.718784,-0.781736,0.899001
940.328125,-2.698989,-1.045475,1.214563
950.320312,-2.617449,-1.230564,1.635706
960.304688,-2.441396,-1.264244,2.057183
970.289062,-2.141908,-1.154645,2.486946
980.273438,-1.719750,-1.036482,2.824951
990.265625,-1.298094,-1.008044,2.956402
1000.265625,-1.002534,-1.038551,2.938934
1010.398438,-0.793013,-1.061122,2.910771
1020.531250,-0.564355,-1.011063,2.957771
1030.406250,-0.308706,-0.893458,3.017624
1040.289062,-0.116250,-0.774891,2.985816
1050.281250,-0.036850,-0.747447,2.894454
1060.265625,-0.047829,-0.884169,2.677691
1070.210938,-0.122737,-1.121389,2.217813
1080.148438,-0.126141,-1.322298,1.816449
1090.140625,0.093732,-1.384780,1.858315
1100.132812,0.470993,-1.302920,2.321211
1110.109375,0.853725,-1.165735,2.902546
1120.093750,1.150365,-1.034522,3.370059
1130.078125,1.347741,-0.915027,3.664989
1140.062500,1.548522,-0.779212,3.771570
1150.070312,1.885494,-0.585875,3.633377
1160.070312,2.380285,-0.322611,3.182199
1170.054688,2.906836,-0.053059,2.481498
1180.046875,3.279397,0.171800,1.737112
1190.015625,3.424296,0.312297,1.164351
1199.976562,3.370373,0.359062,0.835729
1210.000000,3.210948,0.376992,0.719540
1220.031250,3.074435,0.399697,0.707557
1229.984375,3.006760,0.405188,0.682017
1239.921875,2.943717,0.385223,0.614280
1249.843750,2.835736,0.379450,0.438946
1259.726562,2.718242,0.402951,0.075294
1269.718750,2.631133,0.416042,-0.440295
1279.828125,2.545664,0.408093,-0.952014
1289.890625,2.446561,0.381277,-1.276619
