0.000000,-1.384691,-0.780448,0.166598
9.968750,-1.550092,-0.857501,0.217306
19.984375,-1.689330,-0.951557,0.127987
29.984375,-1.805951,-1.061644,-0.018426
39.937500,-1.946665,-1.182787,-0.123690
49.921875,-2.134741,-1.347886,-0.093457
59.921875,-2.299787,-1.567783,0.169995
69.937500,-2.357184,-1.781631,0.627910
79.937500,-2.310674,-1.909906,1.154267
89.937500,-2.230554,-1.940077,1.602823
99.921875,-2.144793,-1.932647,1.884968
109.906250,-2.031815,-1.901125,2.020036
120.046875,-1.884731,-1.803313,2.058585
130.187500,-1.621001,-1.626839,2.087002
140.015625,-1.125532,-1.410683,2.195097
149.859375,-0.402015,-1.181939,2.422349
159.828125,0.452445,-0.935204,2.790191
169.796875,1.322958,-0.705170,3.285041
179.796875,2.106541,-0.549783,3.849992
189.765625,2.714190,-0.479914,4.350382
199.781250,3.133149,-0.523144,4.604973
209.781250,3.329479,-0.616099,4.661324
219.734375,3.246609,-0.633604,4.662966
229.703125,3.020086,-0.595253,4.582676
239.687500,2.914120,-0.608235,4.284625
249.703125,3.073901,-0.715213,3.719443
259.687500,3.441242,-0.865129,3.048361
269.671875,3.849437,-0.997665,2.465860
279.671875,4.150665,-1.065118,1.994932
289.671875,4.323926,-1.030321,1.585332
299.625000,4.458901,-0.932666,1.277587
309.609375,4.642891,-0.841726,1.169580
319.578125,4.874248,-0.779546,1.281485
329.578125,5.110314,-0.734835,1.521169
339.593750,5.360060,-0.725608,1.727360
349.593750,5.616488,-0.782282,1.758103
359.562500,5.804513,-0.899187,1.553911
369.531250,5.859790,-1.038482,1.131692
379.531250,5.759919,-1.145284,0.577493
389.515625,5.529559,-1.180125,0.022535
399.515625,5.251941,-1.164523,-0.424724
409.515625,4.980121,-1.155709,-0.722752
419.515625,4.703144,-1.178607,-0.889595
429.500000,4.409245,-1.207604,-0.975364
439.484375,4.159605,-1.206568,-1.076880
449.453125,4.005931,-1.192353,-1.305610
459.421875,3.897784,-1.191498,-1.689434
469.406250,3.758755,-1.171120,-2.103344
479.390625,3.558885,-1.088576,-2.406590
489.406250,3.354897,-0.953470,-2.571902
499.375000,3.178309,-0.814326,-2.623507
509.359375,3.009165,-0.704166,-2.587833
519.359375,2.853850,-0.636664,-2.493453
529.359375,2.756328,-0.620991,-2.376082
539.343750,2.749355,-0.640018,-2.328788
549.312500,2.762208,-0.644262,-2.410241
562.859375,2.703303,-0.626154,-2.534582
576.390625,2.580613,-0.592982,-2.608817
586.750000,2.412241,-0.466820,-2.594598
595.046875,2.375439,-0.357158,-2.489395
604.703125,2.385813,-0.316929,-2.361439
614.500000,2.362762,-0.322647,-2.281104
624.468750,2.277338,-0.348735,-2.272002
634.453125,2.154364,-0.422300,-2.304789
644.437500,2.038903,-0.538902,-2.345005
654.437500,1.928271,-0.632836,-2.363023
664.390625,1.762292,-0.661748,-2.278439
674.281250,1.529286,-0.609321,-2.086085
684.281250,1.292490,-0.507440,-1.929718
694.390625,1.107095,-0.452728,-1.916119
704.406250,0.990154,-0.483693,-2.028949
714.406250,0.930471,-0.538456,-2.180644
724.375000,0.914028,-0.557433,-2.291960
734.390625,0.915784,-0.555819,-2.276167
744.375000,0.871444,-0.555016,-2.076663
754.343750,0.758538,-0.563578,-1.715297
764.343750,0.622763,-0.596528,-1.236581
774.375000,0.518286,-0.649513,-0.705139
784.359375,0.430065,-0.697050,-0.202157
794.296875,0.343518,-0.739999,0.183961
804.265625,0.245549,-0.836030,0.346703
814.250000,0.074513,-1.014510,0.236914
824.250000,-0.190559,-1.213318,-0.067497
834.234375,-0.499198,-1.380873,-0.457827
844.218750,-0.826412,-1.479663,-0.889930
854.203125,-1.204396,-1.470512,-1.283436
864.203125,-1.582248,-1.402644,-1.478583
874.218750,-1.841363,-1.362914,-1.388968
884.187500,-1.954639,-1.387090,-1.121941
894.171875,-2.010016,-1.432029,-0.854475
904.171875,-2.092793,-1.447951,-0.759738
914.171875,-2.218854,-1.431186,-0.915320
924.156250,-2.433950,-1.369930,-1.271978
934.125000,-2.742889,-1.246200,-1.645680
944.093750,-3.006053,-1.081305,-1.797335
954.062500,-3.050958,-0.942554,-1.632669
964.062500,-2.816988,-0.897053,-1.245650
974.078125,-2.403981,-0.927247,-0.782398
984.062500,-2.020557,-0.926957,-0.366038
994.062500,-1.797897,-0.853134,-0.126822
1004.078125,-1.743411,-0.753555,-0.138336
1014.062500,-1.760620,-0.713179,-0.370432
1024.031250,-1.805871,-0.759274,-0.703234
1033.921875,-1.910903,-0.800740,-0.955220
1043.953125,-2.050496,-0.802894,-1.001543
1054.078125,-2.151419,-0.822664,-0.886488
1064.156250,-2.144528,-0.885888,-0.728134
1074.140625,-2.071376,-0.913241,-0.551202
1084.140625,-1.982884,-0.859052,-0.330367
1094.140625,-1.829299,-0.797038,-0.111914
1104.109375,-1.643958,-0.758209,0.019260
1114.078125,-1.495115,-0.670226,0.078786
1124.078125,-1.300076,-0.515129,0.083258
1134.078125,-0.969573,-0.338576,0.064746
1144.078125,-0.541492,-0.176743,0.111831
1154.031250,-0.083365,-0.069153,0.216103
1164.031250,0.334318,-0.051771,0.336706
1174.015625,0.626278,-0.105952,0.543281
1184.000000,0.736458,-0.192470,0.887587
1193.984375,0.672122,-0.301850,1.301537
1203.968750,0.474311,-0.408886,1.697610
1213.984375,0.245984,-0.495247,2.050471
1223.984375,0.102271,-0.551078,2.359930
1233.953125,0.092604,-0.554752,2.637789
1243.937500,0.236744,-0.507641,2.865955
1253.937500,0.525785,-0.448038,3.002450
1263.921875,0.901503,-0.407145,3.052045
1273.921875,1.258327,-0.379931,3.061440
