0.000000,-2.326437,-1.382542,2.046637
10.000000,-1.984843,-1.424994,2.184090
19.976562,-1.599517,-1.472756,2.440926
29.960938,-1.215366,-1.482167,2.762239
39.953125,-0.858214,-1.436368,3.057205
49.968750,-0.566265,-1.317346,3.249035
59.960938,-0.338093,-1.141444,3.316958
69.953125,-0.087407,-0.943409,3.336953
79.960938,0.324790,-0.762785,3.385438
89.992188,0.925847,-0.665653,3.455374
99.968750,1.553657,-0.668667,3.571280
109.890625,2.037550,-0.753193,3.750798
119.835938,2.292643,-0.855122,3.813702
129.820312,2.338994,-0.905301,3.591819
139.804688,2.270809,-0.889964,3.172811
149.789062,2.192134,-0.833545,2.749365
159.781250,2.195501,-0.754750,2.424428
169.773438,2.303185,-0.686603,2.218098
179.757812,2.491783,-0.706894,2.145399
189.734375,2.767827,-0.841029,2.178253
199.726562,3.106758,-0.981647,2.233989
209.710938,3.417787,-1.040491,2.229468
219.695312,3.581608,-1.049742,2.114073
229.679688,3.556812,-0.979973,1.875342
239.656250,3.452923,-0.832987,1.528063
249.656250,3.456725,-0.709666,1.067495
259.640625,3.680642,-0.642839,0.447476
269.617188,4.042360,-0.589403,-0.245665
279.601562,4.375314,-0.531918,-0.803091
289.585938,4.584317,-0.468474,-1.088273
299.593750,4.664409,-0.397352,-1.116215
309.601562,4.647415,-0.362035,-0.976979
319.601562,4.510878,-0.441875,-0.820372
329.593750,4.243757,-0.682910,-0.815867
339.562500,3.892064,-0.979319,-1.022286
349.515625,3.494150,-1.125801,-1.353087
360.265625,3.132776,-1.067687,-1.714486
371.796875,2.928291,-0.943251,-2.051411
383.335938,2.902797,-0.866643,-2.285793
392.148438,2.940784,-0.865911,-2.334448
400.960938,3.066960,-0.898695,-2.338549
410.945312,3.178785,-0.945526,-2.225140
420.937500,3.118633,-0.931813,-2.142044
430.929688,2.956985,-0.926050,-1.992117
440.921875,2.740719,-0.974998,-1.756310
450.914062,2.534733,-1.055077,-1.500858
460.914062,2.368223,-1.087700,-1.272032
470.875000,2.278695,-1.096354,-1.033173
480.835938,2.288629,-1.158254,-0.787901
490.828125,2.342132,-1.234653,-0.681810
500.820312,2.345569,-1.255988,-0.859561
510.828125,2.229788,-1.257180,-1.352185
520.843750,1.990408,-1.281714,-2.057618
530.812500,1.682373,-1.306637,-2.717721
540.781250,1.384878,-1.304076,-3.118376
550.773438,1.147646,-1.302709,-3.248091
560.773438,0.938475,-1.320971,-3.171731
570.773438,0.697990,-1.308454,-2.907531
580.757812,0.440844,-1.283879,-2.518646
590.734375,0.199759,-1.331626,-2.120915
600.718750,-0.068727,-1.454442,-1.817161
610.703125,-0.416000,-1.564083,-1.644016
620.679688,-0.756597,-1.622664,-1.590322
630.656250,-0.987058,-1.681910,-1.617412
640.648438,-1.118391,-1.738697,-1.686569
650.648438,-1.165244,-1.781424,-1.856332
660.640625,-1.173373,-1.795233,-2.220763
670.617188,-1.228698,-1.721108,-2.715349
680.632812,-1.324498,-1.619885,-3.186989
690.687500,-1.425852,-1.570613,-3.478169
700.664062,-1.565601,-1.572258,-3.470556
710.585938,-1.751402,-1.615669,-3.163550
720.546875,-1.981621,-1.686417,-2.636484
730.531250,-2.287889,-1.751525,-1.953485
740.523438,-2.651249,-1.846792,-1.231519
750.531250,-3.049657,-1.961367,-0.662102
760.515625,-3.462409,-1.942050,-0.428926
770.500000,-3.774520,-1.766215,-0.681287
780.484375,-3.898144,-1.584811,-1.370224
790.476562,-3.912168,-1.526769,-2.242233
800.460938,-3.903146,-1.561363,-2.954159
810.453125,-3.853450,-1.581045,-3.204577
820.445312,-3.683558,-1.547859,-2.893688
830.453125,-3.407203,-1.477643,-2.108436
840.492188,-3.143078,-1.403512,-1.038297
850.585938,-3.006304,-1.318789,0.070616
860.554688,-2.995411,-1.230829,0.916705
870.421875,-3.075291,-1.174409,1.211465
880.343750,-3.233374,-1.131107,0.860429
890.351562,-3.395899,-1.099847,0.065265
900.343750,-3.491548,-1.113502,-0.728244
910.328125,-3.523556,-1.126768,-1.152001
920.320312,-3.482735,-1.104282,-1.170815
930.312500,-3.343964,-1.168459,-0.907675
940.421875,-3.192156,-1.356954,-0.493494
950.632812,-3.117451,-1.483898,0.055210
960.617188,-2.983161,-1.435350,0.810479
970.359375,-2.762547,-1.301431,1.662436
980.226562,-2.632512,-1.189454,2.316712
990.226562,-2.585181,-1.229166,2.552320
1000.210938,-2.511391,-1.484280,2.411917
1010.179688,-2.441010,-1.817971,2.172118
1020.179688,-2.337276,-2.028496,2.198894
1030.179688,-2.044688,-2.022105,2.713934
1040.179688,-1.573602,-1.814511,3.608549
1050.171875,-1.058770,-1.476471,4.499706
1060.164062,-0.542826,-1.178058,4.986116
1070.140625,-0.047006,-1.176803,4.886534
1080.125000,0.313727,-1.528764,4.356003
1090.109375,0.488063,-1.885471,3.774863
1100.109375,0.717525,-1.916730,3.482280
1110.109375,1.209981,-1.595127,3.578362
1120.093750,1.817706,-1.068837,3.894985
1130.062500,2.339537,-0.617990,4.127437
1140.046875,2.698295,-0.430271,4.029104
1150.062500,2.867678,-0.431299,3.535037
1160.054688,2.931740,-0.504253,2.747812
1170.023438,2.999968,-0.582210,1.890770
1179.992188,3.086151,-0.569940,1.220818
1189.976562,3.205538,-0.444040,0.876455
1199.960938,3.389986,-0.286580,0.826427
1213.695312,3.541623,-0.124468,0.921100
1222.445312,3.571135,-0.023972,0.983367
1231.195312,3.571274,0.097526,1.051606
1239.953125,3.559055,0.215735,1.100710
1248.703125,3.543035,0.331955,1.129510
1260.773438,3.046692,0.678572,0.459415
1270.757812,2.799328,0.613214,0.133983
